[2016-12-14 09:36:43,187] DEBUG preRegister called. Server=com.sun.jmx.mbeanserver.JmxMBeanServer@66d3c617, name=log4j:logger=kafka.controller (kafka.controller)
[2016-12-14 09:36:55,166] INFO [Controller 0]: Controller starting up (kafka.controller.KafkaController)
[2016-12-14 09:36:55,228] INFO [Controller 0]: Broker 0 starting become controller state transition (kafka.controller.KafkaController)
[2016-12-14 09:36:55,247] INFO [Controller 0]: Controller 0 incremented epoch to 1 (kafka.controller.KafkaController)
[2016-12-14 09:36:55,250] DEBUG [Controller 0]: Registering IsrChangeNotificationListener (kafka.controller.KafkaController)
[2016-12-14 09:36:55,286] INFO [Controller 0]: Partitions undergoing preferred replica election:  (kafka.controller.KafkaController)
[2016-12-14 09:36:55,288] INFO [Controller 0]: Partitions that completed preferred replica election:  (kafka.controller.KafkaController)
[2016-12-14 09:36:55,289] INFO [Controller 0]: Resuming preferred replica election for partitions:  (kafka.controller.KafkaController)
[2016-12-14 09:36:55,295] INFO [Controller 0]: Partitions being reassigned: Map() (kafka.controller.KafkaController)
[2016-12-14 09:36:55,296] INFO [Controller 0]: Partitions already reassigned: Set() (kafka.controller.KafkaController)
[2016-12-14 09:36:55,300] INFO [Controller 0]: Resuming reassignment of partitions: Map() (kafka.controller.KafkaController)
[2016-12-14 09:36:55,309] INFO [Controller 0]: List of topics to be deleted:  (kafka.controller.KafkaController)
[2016-12-14 09:36:55,311] INFO [Controller 0]: List of topics ineligible for deletion:  (kafka.controller.KafkaController)
[2016-12-14 09:36:55,316] INFO [Controller 0]: Currently active brokers in the cluster: Set() (kafka.controller.KafkaController)
[2016-12-14 09:36:55,317] INFO [Controller 0]: Currently shutting brokers in the cluster: Set() (kafka.controller.KafkaController)
[2016-12-14 09:36:55,319] INFO [Controller 0]: Current list of topics in the cluster: Set() (kafka.controller.KafkaController)
[2016-12-14 09:36:55,325] INFO [Replica state machine on controller 0]: Started replica state machine with initial state -> Map() (kafka.controller.ReplicaStateMachine)
[2016-12-14 09:36:55,337] INFO [Partition state machine on Controller 0]: Started partition state machine with initial state -> Map() (kafka.controller.PartitionStateMachine)
[2016-12-14 09:36:55,339] INFO [Controller 0]: Broker 0 is ready to serve as the new controller with epoch 1 (kafka.controller.KafkaController)
[2016-12-14 09:36:55,341] INFO [Controller 0]: Starting preferred replica leader election for partitions  (kafka.controller.KafkaController)
[2016-12-14 09:36:55,343] INFO [Partition state machine on Controller 0]: Invoking state change to OnlinePartition for partitions  (kafka.controller.PartitionStateMachine)
[2016-12-14 09:36:55,357] INFO [Controller 0]: starting the partition rebalance scheduler (kafka.controller.KafkaController)
[2016-12-14 09:36:55,359] INFO [Controller 0]: Controller startup complete (kafka.controller.KafkaController)
[2016-12-14 09:36:55,507] INFO [BrokerChangeListener on Controller 0]: Broker change listener fired for path /brokers/ids with children 0 (kafka.controller.ReplicaStateMachine$BrokerChangeListener)
[2016-12-14 09:36:55,572] INFO [BrokerChangeListener on Controller 0]: Newly added brokers: 0, deleted brokers: , all live brokers: 0 (kafka.controller.ReplicaStateMachine$BrokerChangeListener)
[2016-12-14 09:36:55,574] DEBUG [Channel manager on controller 0]: Controller 0 trying to connect to broker 0 (kafka.controller.ControllerChannelManager)
[2016-12-14 09:36:55,593] INFO [Controller-0-to-broker-0-send-thread], Starting  (kafka.controller.RequestSendThread)
[2016-12-14 09:36:55,594] INFO [Controller 0]: New broker startup callback for 0 (kafka.controller.KafkaController)
[2016-12-14 09:36:55,642] INFO [Controller-0-to-broker-0-send-thread], Controller 0 connected to vagrant-ubuntu-trusty.vagrantup.com:9092 (id: 0 rack: null) for sending state change requests (kafka.controller.RequestSendThread)
[2016-12-14 09:37:00,374] TRACE [Controller 0]: checking need to trigger partition rebalance (kafka.controller.KafkaController)
[2016-12-14 09:37:00,399] DEBUG [Controller 0]: preferred replicas by broker Map() (kafka.controller.KafkaController)
[2016-12-14 09:38:27,394] DEBUG [TopicChangeListener on Controller 0]: Topic change listener fired for path /brokers/topics with children TEST-TOPIC (kafka.controller.PartitionStateMachine$TopicChangeListener)
[2016-12-14 09:38:27,407] INFO [TopicChangeListener on Controller 0]: New topics: [Set(TEST-TOPIC)], deleted topics: [Set()], new partition replica assignment [Map([TEST-TOPIC,0] -> List(0))] (kafka.controller.PartitionStateMachine$TopicChangeListener)
[2016-12-14 09:38:27,409] INFO [Controller 0]: New topic creation callback for [TEST-TOPIC,0] (kafka.controller.KafkaController)
[2016-12-14 09:38:27,415] INFO [Controller 0]: New partition creation callback for [TEST-TOPIC,0] (kafka.controller.KafkaController)
[2016-12-14 09:38:27,417] INFO [Partition state machine on Controller 0]: Invoking state change to NewPartition for partitions [TEST-TOPIC,0] (kafka.controller.PartitionStateMachine)
[2016-12-14 09:38:27,452] INFO [Replica state machine on controller 0]: Invoking state change to NewReplica for replicas [Topic=TEST-TOPIC,Partition=0,Replica=0] (kafka.controller.ReplicaStateMachine)
[2016-12-14 09:38:27,472] INFO [Partition state machine on Controller 0]: Invoking state change to OnlinePartition for partitions [TEST-TOPIC,0] (kafka.controller.PartitionStateMachine)
[2016-12-14 09:38:27,483] DEBUG [Partition state machine on Controller 0]: Live assigned replicas for partition [TEST-TOPIC,0] are: [List(0)] (kafka.controller.PartitionStateMachine)
[2016-12-14 09:38:27,489] DEBUG [Partition state machine on Controller 0]: Initializing leader and isr for partition [TEST-TOPIC,0] to (Leader:0,ISR:0,LeaderEpoch:0,ControllerEpoch:1) (kafka.controller.PartitionStateMachine)
[2016-12-14 09:38:27,560] INFO [Replica state machine on controller 0]: Invoking state change to OnlineReplica for replicas [Topic=TEST-TOPIC,Partition=0,Replica=0] (kafka.controller.ReplicaStateMachine)
[2016-12-14 09:42:00,358] TRACE [Controller 0]: checking need to trigger partition rebalance (kafka.controller.KafkaController)
[2016-12-14 09:42:00,359] DEBUG [Controller 0]: preferred replicas by broker Map(0 -> Map([TEST-TOPIC,0] -> List(0))) (kafka.controller.KafkaController)
[2016-12-14 09:42:00,361] DEBUG [Controller 0]: topics not in preferred replica Map() (kafka.controller.KafkaController)
[2016-12-14 09:42:00,362] TRACE [Controller 0]: leader imbalance ratio for broker 0 is 0.000000 (kafka.controller.KafkaController)
[2016-12-14 09:42:52,844] INFO [Controller 0]: Shutting down broker 0 (kafka.controller.KafkaController)
[2016-12-14 09:42:52,847] DEBUG [Controller 0]: All shutting down brokers: 0 (kafka.controller.KafkaController)
[2016-12-14 09:42:52,848] DEBUG [Controller 0]: Live brokers:  (kafka.controller.KafkaController)
[2016-12-14 09:42:52,858] TRACE [Controller 0]: All leaders = [TEST-TOPIC,0] -> (Leader:0,ISR:0,LeaderEpoch:0,ControllerEpoch:1) (kafka.controller.KafkaController)
[2016-12-14 09:42:54,651] DEBUG [Controller 0]: Controller resigning, broker id 0 (kafka.controller.KafkaController)
[2016-12-14 09:42:54,652] DEBUG [Controller 0]: De-registering IsrChangeNotificationListener (kafka.controller.KafkaController)
[2016-12-14 09:42:54,657] INFO [Partition state machine on Controller 0]: Stopped partition state machine (kafka.controller.PartitionStateMachine)
[2016-12-14 09:42:54,658] INFO [Replica state machine on controller 0]: Stopped replica state machine (kafka.controller.ReplicaStateMachine)
[2016-12-14 09:42:54,665] INFO [Controller-0-to-broker-0-send-thread], Shutting down (kafka.controller.RequestSendThread)
[2016-12-14 09:42:54,665] INFO [Controller-0-to-broker-0-send-thread], Stopped  (kafka.controller.RequestSendThread)
[2016-12-14 09:42:54,665] INFO [Controller-0-to-broker-0-send-thread], Shutdown completed (kafka.controller.RequestSendThread)
[2016-12-14 09:42:54,668] INFO [Controller 0]: Broker 0 resigned as the controller (kafka.controller.KafkaController)
[2016-12-14 09:43:00,682] DEBUG preRegister called. Server=com.sun.jmx.mbeanserver.JmxMBeanServer@66d3c617, name=log4j:logger=kafka.controller (kafka.controller)
[2016-12-14 09:44:43,215] DEBUG preRegister called. Server=com.sun.jmx.mbeanserver.JmxMBeanServer@66d3c617, name=log4j:logger=kafka.controller (kafka.controller)
[2016-12-14 09:44:54,219] INFO [Controller 0]: Controller starting up (kafka.controller.KafkaController)
[2016-12-14 09:44:54,276] INFO [Controller 0]: Broker 0 starting become controller state transition (kafka.controller.KafkaController)
[2016-12-14 09:44:54,280] INFO [Controller 0]: Initialized controller epoch to 1 and zk version 0 (kafka.controller.KafkaController)
[2016-12-14 09:44:54,293] INFO [Controller 0]: Controller 0 incremented epoch to 2 (kafka.controller.KafkaController)
[2016-12-14 09:44:54,295] DEBUG [Controller 0]: Registering IsrChangeNotificationListener (kafka.controller.KafkaController)
[2016-12-14 09:44:54,337] INFO [Controller 0]: Partitions undergoing preferred replica election:  (kafka.controller.KafkaController)
[2016-12-14 09:44:54,338] INFO [Controller 0]: Partitions that completed preferred replica election:  (kafka.controller.KafkaController)
[2016-12-14 09:44:54,339] INFO [Controller 0]: Resuming preferred replica election for partitions:  (kafka.controller.KafkaController)
[2016-12-14 09:44:54,342] INFO [Controller 0]: Partitions being reassigned: Map() (kafka.controller.KafkaController)
[2016-12-14 09:44:54,343] INFO [Controller 0]: Partitions already reassigned: Set() (kafka.controller.KafkaController)
[2016-12-14 09:44:54,345] INFO [Controller 0]: Resuming reassignment of partitions: Map() (kafka.controller.KafkaController)
[2016-12-14 09:44:54,352] INFO [Controller 0]: List of topics to be deleted:  (kafka.controller.KafkaController)
[2016-12-14 09:44:54,353] INFO [Controller 0]: List of topics ineligible for deletion: TEST-TOPIC (kafka.controller.KafkaController)
[2016-12-14 09:44:54,356] INFO [Controller 0]: Currently active brokers in the cluster: Set() (kafka.controller.KafkaController)
[2016-12-14 09:44:54,356] INFO [Controller 0]: Currently shutting brokers in the cluster: Set() (kafka.controller.KafkaController)
[2016-12-14 09:44:54,357] INFO [Controller 0]: Current list of topics in the cluster: Set(TEST-TOPIC) (kafka.controller.KafkaController)
[2016-12-14 09:44:54,364] INFO [Replica state machine on controller 0]: Started replica state machine with initial state -> Map([Topic=TEST-TOPIC,Partition=0,Replica=0] -> ReplicaDeletionIneligible) (kafka.controller.ReplicaStateMachine)
[2016-12-14 09:44:54,383] DEBUG [OfflinePartitionLeaderSelector]: No broker in ISR is alive for [TEST-TOPIC,0]. Pick the leader from the alive assigned replicas:  (kafka.controller.OfflinePartitionLeaderSelector)
[2016-12-14 09:44:54,394] INFO [Partition state machine on Controller 0]: Started partition state machine with initial state -> Map([TEST-TOPIC,0] -> OfflinePartition) (kafka.controller.PartitionStateMachine)
[2016-12-14 09:44:54,398] INFO [Controller 0]: Broker 0 is ready to serve as the new controller with epoch 2 (kafka.controller.KafkaController)
[2016-12-14 09:44:54,400] INFO [Controller 0]: Starting preferred replica leader election for partitions  (kafka.controller.KafkaController)
[2016-12-14 09:44:54,402] INFO [Partition state machine on Controller 0]: Invoking state change to OnlinePartition for partitions  (kafka.controller.PartitionStateMachine)
[2016-12-14 09:44:54,413] INFO [Controller 0]: starting the partition rebalance scheduler (kafka.controller.KafkaController)
[2016-12-14 09:44:54,416] INFO [Controller 0]: Controller startup complete (kafka.controller.KafkaController)
[2016-12-14 09:44:54,548] INFO [BrokerChangeListener on Controller 0]: Broker change listener fired for path /brokers/ids with children 0 (kafka.controller.ReplicaStateMachine$BrokerChangeListener)
[2016-12-14 09:44:54,606] INFO [BrokerChangeListener on Controller 0]: Newly added brokers: 0, deleted brokers: , all live brokers: 0 (kafka.controller.ReplicaStateMachine$BrokerChangeListener)
[2016-12-14 09:44:54,609] DEBUG [Channel manager on controller 0]: Controller 0 trying to connect to broker 0 (kafka.controller.ControllerChannelManager)
[2016-12-14 09:44:54,625] INFO [Controller-0-to-broker-0-send-thread], Starting  (kafka.controller.RequestSendThread)
[2016-12-14 09:44:54,628] INFO [Controller 0]: New broker startup callback for 0 (kafka.controller.KafkaController)
[2016-12-14 09:44:54,666] INFO [Replica state machine on controller 0]: Invoking state change to OnlineReplica for replicas [Topic=TEST-TOPIC,Partition=0,Replica=0] (kafka.controller.ReplicaStateMachine)
[2016-12-14 09:44:54,691] INFO [Controller-0-to-broker-0-send-thread], Controller 0 connected to vagrant-ubuntu-trusty.vagrantup.com:9092 (id: 0 rack: null) for sending state change requests (kafka.controller.RequestSendThread)
[2016-12-14 09:44:54,721] DEBUG [OfflinePartitionLeaderSelector]: Some broker in ISR is alive for [TEST-TOPIC,0]. Select 0 from ISR 0 to be the leader. (kafka.controller.OfflinePartitionLeaderSelector)
[2016-12-14 09:44:54,722] INFO [OfflinePartitionLeaderSelector]: Selected new leader and ISR {"leader":0,"leader_epoch":1,"isr":[0]} for offline partition [TEST-TOPIC,0] (kafka.controller.OfflinePartitionLeaderSelector)
[2016-12-14 09:44:54,734] DEBUG [Partition state machine on Controller 0]: After leader election, leader cache is updated to Map([TEST-TOPIC,0] -> (Leader:0,ISR:0,LeaderEpoch:1,ControllerEpoch:2)) (kafka.controller.PartitionStateMachine)
[2016-12-14 09:44:59,418] TRACE [Controller 0]: checking need to trigger partition rebalance (kafka.controller.KafkaController)
[2016-12-14 09:44:59,423] DEBUG [Controller 0]: preferred replicas by broker Map(0 -> Map([TEST-TOPIC,0] -> List(0))) (kafka.controller.KafkaController)
[2016-12-14 09:44:59,426] DEBUG [Controller 0]: topics not in preferred replica Map() (kafka.controller.KafkaController)
[2016-12-14 09:44:59,428] TRACE [Controller 0]: leader imbalance ratio for broker 0 is 0.000000 (kafka.controller.KafkaController)
[2016-12-14 09:49:59,416] TRACE [Controller 0]: checking need to trigger partition rebalance (kafka.controller.KafkaController)
[2016-12-14 09:49:59,417] DEBUG [Controller 0]: preferred replicas by broker Map(0 -> Map([TEST-TOPIC,0] -> List(0))) (kafka.controller.KafkaController)
[2016-12-14 09:49:59,417] DEBUG [Controller 0]: topics not in preferred replica Map() (kafka.controller.KafkaController)
[2016-12-14 09:49:59,418] TRACE [Controller 0]: leader imbalance ratio for broker 0 is 0.000000 (kafka.controller.KafkaController)
