[2016-12-14 09:36:54,982] INFO Starting the log cleaner (kafka.log.LogCleaner)
[2016-12-14 09:36:54,985] INFO [kafka-log-cleaner-thread-0], Starting  (kafka.log.LogCleaner)
[2016-12-14 09:42:54,250] INFO Shutting down the log cleaner. (kafka.log.LogCleaner)
[2016-12-14 09:42:54,251] INFO [kafka-log-cleaner-thread-0], Shutting down (kafka.log.LogCleaner)
[2016-12-14 09:42:54,251] INFO [kafka-log-cleaner-thread-0], Stopped  (kafka.log.LogCleaner)
[2016-12-14 09:42:54,251] INFO [kafka-log-cleaner-thread-0], Shutdown completed (kafka.log.LogCleaner)
[2016-12-14 09:44:54,058] INFO Starting the log cleaner (kafka.log.LogCleaner)
[2016-12-14 09:44:54,061] INFO [kafka-log-cleaner-thread-0], Starting  (kafka.log.LogCleaner)
[2016-12-19 11:06:55,184] INFO Starting the log cleaner (kafka.log.LogCleaner)
[2016-12-19 11:06:55,192] INFO [kafka-log-cleaner-thread-0], Starting  (kafka.log.LogCleaner)
[2016-12-20 02:32:05,745] INFO Starting the log cleaner (kafka.log.LogCleaner)
[2016-12-20 02:32:05,764] INFO [kafka-log-cleaner-thread-0], Starting  (kafka.log.LogCleaner)
[2016-12-20 07:23:03,152] INFO Starting the log cleaner (kafka.log.LogCleaner)
[2016-12-20 07:23:03,166] INFO [kafka-log-cleaner-thread-0], Starting  (kafka.log.LogCleaner)
[2016-12-23 09:44:51,530] INFO Starting the log cleaner (kafka.log.LogCleaner)
[2016-12-23 09:44:51,558] INFO [kafka-log-cleaner-thread-0], Starting  (kafka.log.LogCleaner)
[2016-12-23 10:40:54,215] INFO Starting the log cleaner (kafka.log.LogCleaner)
[2016-12-23 10:40:54,244] INFO [kafka-log-cleaner-thread-0], Starting  (kafka.log.LogCleaner)
[2016-12-23 10:50:55,139] INFO Starting the log cleaner (kafka.log.LogCleaner)
[2016-12-23 10:50:55,143] INFO [kafka-log-cleaner-thread-0], Starting  (kafka.log.LogCleaner)
[2016-12-23 11:01:40,799] INFO Starting the log cleaner (kafka.log.LogCleaner)
[2016-12-23 11:01:40,804] INFO [kafka-log-cleaner-thread-0], Starting  (kafka.log.LogCleaner)
[2016-12-26 08:27:46,232] INFO Starting the log cleaner (kafka.log.LogCleaner)
[2016-12-26 08:27:46,260] INFO [kafka-log-cleaner-thread-0], Starting  (kafka.log.LogCleaner)
[2016-12-26 14:36:50,421] INFO Starting the log cleaner (kafka.log.LogCleaner)
[2016-12-26 14:36:50,428] INFO [kafka-log-cleaner-thread-0], Starting  (kafka.log.LogCleaner)
[2016-12-26 14:46:10,397] INFO Starting the log cleaner (kafka.log.LogCleaner)
[2016-12-26 14:46:10,398] INFO [kafka-log-cleaner-thread-0], Starting  (kafka.log.LogCleaner)
[2016-12-27 08:13:35,283] INFO Starting the log cleaner (kafka.log.LogCleaner)
[2016-12-27 08:13:35,297] INFO [kafka-log-cleaner-thread-0], Starting  (kafka.log.LogCleaner)
[2016-12-30 07:07:04,110] INFO Starting the log cleaner (kafka.log.LogCleaner)
[2016-12-30 07:07:04,120] INFO [kafka-log-cleaner-thread-0], Starting  (kafka.log.LogCleaner)
[2016-12-30 08:00:25,559] INFO Starting the log cleaner (kafka.log.LogCleaner)
[2016-12-30 08:00:25,567] INFO [kafka-log-cleaner-thread-0], Starting  (kafka.log.LogCleaner)
[2016-12-30 08:11:17,175] INFO Starting the log cleaner (kafka.log.LogCleaner)
[2016-12-30 08:11:17,180] INFO [kafka-log-cleaner-thread-0], Starting  (kafka.log.LogCleaner)
[2016-12-30 08:25:51,720] INFO Starting the log cleaner (kafka.log.LogCleaner)
[2016-12-30 08:25:51,723] INFO [kafka-log-cleaner-thread-0], Starting  (kafka.log.LogCleaner)
[2016-12-30 08:41:52,954] INFO Starting the log cleaner (kafka.log.LogCleaner)
[2016-12-30 08:41:52,956] INFO [kafka-log-cleaner-thread-0], Starting  (kafka.log.LogCleaner)
[2016-12-30 09:00:45,966] INFO Starting the log cleaner (kafka.log.LogCleaner)
[2016-12-30 09:00:45,972] INFO [kafka-log-cleaner-thread-0], Starting  (kafka.log.LogCleaner)
[2016-12-31 05:38:56,396] INFO Starting the log cleaner (kafka.log.LogCleaner)
[2016-12-31 05:38:56,401] INFO [kafka-log-cleaner-thread-0], Starting  (kafka.log.LogCleaner)
[2016-12-31 06:21:02,103] INFO Shutting down the log cleaner. (kafka.log.LogCleaner)
[2016-12-31 06:21:02,108] INFO [kafka-log-cleaner-thread-0], Shutting down (kafka.log.LogCleaner)
[2016-12-31 06:21:02,108] INFO [kafka-log-cleaner-thread-0], Stopped  (kafka.log.LogCleaner)
[2016-12-31 06:21:02,111] INFO [kafka-log-cleaner-thread-0], Shutdown completed (kafka.log.LogCleaner)
[2016-12-31 06:26:05,273] INFO Starting the log cleaner (kafka.log.LogCleaner)
[2016-12-31 06:26:05,284] INFO [kafka-log-cleaner-thread-0], Starting  (kafka.log.LogCleaner)
[2016-12-31 07:04:59,481] INFO Starting the log cleaner (kafka.log.LogCleaner)
[2016-12-31 07:04:59,487] INFO [kafka-log-cleaner-thread-0], Starting  (kafka.log.LogCleaner)
[2016-12-31 07:11:22,394] INFO Starting the log cleaner (kafka.log.LogCleaner)
[2016-12-31 07:11:22,396] INFO [kafka-log-cleaner-thread-0], Starting  (kafka.log.LogCleaner)
[2017-01-04 09:39:49,662] INFO Starting the log cleaner (kafka.log.LogCleaner)
[2017-01-04 09:39:49,678] INFO [kafka-log-cleaner-thread-0], Starting  (kafka.log.LogCleaner)
[2017-01-04 09:59:05,911] INFO Starting the log cleaner (kafka.log.LogCleaner)
[2017-01-04 09:59:05,917] INFO [kafka-log-cleaner-thread-0], Starting  (kafka.log.LogCleaner)
[2017-01-05 08:14:54,557] INFO Starting the log cleaner (kafka.log.LogCleaner)
[2017-01-05 08:14:54,563] INFO [kafka-log-cleaner-thread-0], Starting  (kafka.log.LogCleaner)
[2017-01-05 08:23:03,585] INFO Starting the log cleaner (kafka.log.LogCleaner)
[2017-01-05 08:23:03,588] INFO [kafka-log-cleaner-thread-0], Starting  (kafka.log.LogCleaner)
[2017-01-10 09:28:46,570] INFO Starting the log cleaner (kafka.log.LogCleaner)
[2017-01-10 09:28:46,619] INFO [kafka-log-cleaner-thread-0], Starting  (kafka.log.LogCleaner)
[2017-01-12 08:08:35,990] INFO Starting the log cleaner (kafka.log.LogCleaner)
[2017-01-12 08:08:36,014] INFO [kafka-log-cleaner-thread-0], Starting  (kafka.log.LogCleaner)
