[2017-01-12 08:08:29,365] DEBUG preRegister called. Server=com.sun.jmx.mbeanserver.JmxMBeanServer@66d3c617, name=log4j:logger=state.change.logger (state.change.logger)
[2017-01-12 08:08:37,176] TRACE Controller 0 epoch 1 changed partition [LOG-TRACKER-TOPIC,0] state from NonExistentPartition to NewPartition with assigned replicas 0 (state.change.logger)
[2017-01-12 08:08:37,187] TRACE Controller 0 epoch 1 received response {error_code=0} for a request sent to broker vagrant-ubuntu-trusty.vagrantup.com:9092 (id: 0 rack: null) (state.change.logger)
[2017-01-12 08:08:37,198] TRACE Controller 0 epoch 1 changed state of replica 0 for partition [LOG-TRACKER-TOPIC,0] from NonExistentReplica to NewReplica (state.change.logger)
[2017-01-12 08:08:37,254] TRACE Controller 0 epoch 1 changed partition [LOG-TRACKER-TOPIC,0] from NewPartition to OnlinePartition with leader 0 (state.change.logger)
[2017-01-12 08:08:37,258] TRACE Controller 0 epoch 1 sending become-leader LeaderAndIsr request (Leader:0,ISR:0,LeaderEpoch:0,ControllerEpoch:1) to broker 0 for partition [LOG-TRACKER-TOPIC,0] (state.change.logger)
[2017-01-12 08:08:37,269] TRACE Controller 0 epoch 1 sending UpdateMetadata request (Leader:0,ISR:0,LeaderEpoch:0,ControllerEpoch:1) to broker 0 for partition LOG-TRACKER-TOPIC-0 (state.change.logger)
[2017-01-12 08:08:37,271] TRACE Broker 0 received LeaderAndIsr request PartitionState(controllerEpoch=1, leader=0, leaderEpoch=0, isr=[0], zkVersion=0, replicas=[0]) correlation id 1 from controller 0 epoch 1 for partition [LOG-TRACKER-TOPIC,0] (state.change.logger)
[2017-01-12 08:08:37,277] TRACE Controller 0 epoch 1 changed state of replica 0 for partition [LOG-TRACKER-TOPIC,0] from NewReplica to OnlineReplica (state.change.logger)
[2017-01-12 08:08:37,290] TRACE Broker 0 handling LeaderAndIsr request correlationId 1 from controller 0 epoch 1 starting the become-leader transition for partition [LOG-TRACKER-TOPIC,0] (state.change.logger)
[2017-01-12 08:08:37,511] TRACE Broker 0 stopped fetchers as part of become-leader request from controller 0 epoch 1 with correlation id 1 for partition [LOG-TRACKER-TOPIC,0] (state.change.logger)
[2017-01-12 08:08:37,513] TRACE Broker 0 completed LeaderAndIsr request correlationId 1 from controller 0 epoch 1 for the become-leader transition for partition [LOG-TRACKER-TOPIC,0] (state.change.logger)
[2017-01-12 08:08:37,524] TRACE Controller 0 epoch 1 received response {error_code=0,partitions=[{topic=LOG-TRACKER-TOPIC,partition=0,error_code=0}]} for a request sent to broker vagrant-ubuntu-trusty.vagrantup.com:9092 (id: 0 rack: null) (state.change.logger)
[2017-01-12 08:08:37,530] TRACE Broker 0 cached leader info (LeaderAndIsrInfo:(Leader:0,ISR:0,LeaderEpoch:0,ControllerEpoch:1),ReplicationFactor:1),AllReplicas:0) for partition LOG-TRACKER-TOPIC-0 in response to UpdateMetadata request sent by controller 0 epoch 1 with correlation id 2 (state.change.logger)
[2017-01-12 08:08:37,531] TRACE Controller 0 epoch 1 received response {error_code=0} for a request sent to broker vagrant-ubuntu-trusty.vagrantup.com:9092 (id: 0 rack: null) (state.change.logger)
[2017-01-12 08:10:54,333] TRACE Controller 0 epoch 1 changed partition [HEARTBEAT-TOPIC,0] state from NonExistentPartition to NewPartition with assigned replicas 0 (state.change.logger)
[2017-01-12 08:10:54,335] TRACE Controller 0 epoch 1 changed state of replica 0 for partition [HEARTBEAT-TOPIC,0] from NonExistentReplica to NewReplica (state.change.logger)
[2017-01-12 08:10:54,376] TRACE Controller 0 epoch 1 changed partition [HEARTBEAT-TOPIC,0] from NewPartition to OnlinePartition with leader 0 (state.change.logger)
[2017-01-12 08:10:54,376] TRACE Controller 0 epoch 1 sending become-leader LeaderAndIsr request (Leader:0,ISR:0,LeaderEpoch:0,ControllerEpoch:1) to broker 0 for partition [HEARTBEAT-TOPIC,0] (state.change.logger)
[2017-01-12 08:10:54,377] TRACE Controller 0 epoch 1 sending UpdateMetadata request (Leader:0,ISR:0,LeaderEpoch:0,ControllerEpoch:1) to broker 0 for partition HEARTBEAT-TOPIC-0 (state.change.logger)
[2017-01-12 08:10:54,378] TRACE Controller 0 epoch 1 changed state of replica 0 for partition [HEARTBEAT-TOPIC,0] from NewReplica to OnlineReplica (state.change.logger)
[2017-01-12 08:10:54,378] TRACE Broker 0 received LeaderAndIsr request PartitionState(controllerEpoch=1, leader=0, leaderEpoch=0, isr=[0], zkVersion=0, replicas=[0]) correlation id 3 from controller 0 epoch 1 for partition [HEARTBEAT-TOPIC,0] (state.change.logger)
[2017-01-12 08:10:54,379] TRACE Broker 0 handling LeaderAndIsr request correlationId 3 from controller 0 epoch 1 starting the become-leader transition for partition [HEARTBEAT-TOPIC,0] (state.change.logger)
[2017-01-12 08:10:54,398] TRACE Broker 0 stopped fetchers as part of become-leader request from controller 0 epoch 1 with correlation id 3 for partition [HEARTBEAT-TOPIC,0] (state.change.logger)
[2017-01-12 08:10:54,399] TRACE Broker 0 completed LeaderAndIsr request correlationId 3 from controller 0 epoch 1 for the become-leader transition for partition [HEARTBEAT-TOPIC,0] (state.change.logger)
[2017-01-12 08:10:54,400] TRACE Controller 0 epoch 1 received response {error_code=0,partitions=[{topic=HEARTBEAT-TOPIC,partition=0,error_code=0}]} for a request sent to broker vagrant-ubuntu-trusty.vagrantup.com:9092 (id: 0 rack: null) (state.change.logger)
[2017-01-12 08:10:54,402] TRACE Broker 0 cached leader info (LeaderAndIsrInfo:(Leader:0,ISR:0,LeaderEpoch:0,ControllerEpoch:1),ReplicationFactor:1),AllReplicas:0) for partition HEARTBEAT-TOPIC-0 in response to UpdateMetadata request sent by controller 0 epoch 1 with correlation id 4 (state.change.logger)
[2017-01-12 08:10:54,403] TRACE Controller 0 epoch 1 received response {error_code=0} for a request sent to broker vagrant-ubuntu-trusty.vagrantup.com:9092 (id: 0 rack: null) (state.change.logger)
