2016-12-19 07:45:48,504 INFO org.apache.hadoop.hdfs.server.namenode.NameNode: STARTUP_MSG: 
/************************************************************
STARTUP_MSG: Starting NameNode
STARTUP_MSG:   host = vagrant-ubuntu-trusty.vagrantup.com/127.0.1.1
STARTUP_MSG:   args = []
STARTUP_MSG:   version = 2.7.1
STARTUP_MSG:   classpath = /vagrant/sbin/hadoop/etc/hadoop:/vagrant/sbin/hadoop/share/hadoop/common/lib/activation-1.1.jar:/vagrant/sbin/hadoop/share/hadoop/common/lib/apacheds-i18n-2.0.0-M15.jar:/vagrant/sbin/hadoop/share/hadoop/common/lib/apacheds-kerberos-codec-2.0.0-M15.jar:/vagrant/sbin/hadoop/share/hadoop/common/lib/api-asn1-api-1.0.0-M20.jar:/vagrant/sbin/hadoop/share/hadoop/common/lib/api-util-1.0.0-M20.jar:/vagrant/sbin/hadoop/share/hadoop/common/lib/asm-3.2.jar:/vagrant/sbin/hadoop/share/hadoop/common/lib/avro-1.7.4.jar:/vagrant/sbin/hadoop/share/hadoop/common/lib/commons-beanutils-1.7.0.jar:/vagrant/sbin/hadoop/share/hadoop/common/lib/commons-beanutils-core-1.8.0.jar:/vagrant/sbin/hadoop/share/hadoop/common/lib/commons-cli-1.2.jar:/vagrant/sbin/hadoop/share/hadoop/common/lib/commons-codec-1.4.jar:/vagrant/sbin/hadoop/share/hadoop/common/lib/commons-collections-3.2.1.jar:/vagrant/sbin/hadoop/share/hadoop/common/lib/commons-compress-1.4.1.jar:/vagrant/sbin/hadoop/share/hadoop/common/lib/commons-configuration-1.6.jar:/vagrant/sbin/hadoop/share/hadoop/common/lib/commons-digester-1.8.jar:/vagrant/sbin/hadoop/share/hadoop/common/lib/commons-httpclient-3.1.jar:/vagrant/sbin/hadoop/share/hadoop/common/lib/commons-io-2.4.jar:/vagrant/sbin/hadoop/share/hadoop/common/lib/commons-lang-2.6.jar:/vagrant/sbin/hadoop/share/hadoop/common/lib/commons-logging-1.1.3.jar:/vagrant/sbin/hadoop/share/hadoop/common/lib/commons-math3-3.1.1.jar:/vagrant/sbin/hadoop/share/hadoop/common/lib/commons-net-3.1.jar:/vagrant/sbin/hadoop/share/hadoop/common/lib/curator-client-2.7.1.jar:/vagrant/sbin/hadoop/share/hadoop/common/lib/curator-framework-2.7.1.jar:/vagrant/sbin/hadoop/share/hadoop/common/lib/curator-recipes-2.7.1.jar:/vagrant/sbin/hadoop/share/hadoop/common/lib/gson-2.2.4.jar:/vagrant/sbin/hadoop/share/hadoop/common/lib/guava-11.0.2.jar:/vagrant/sbin/hadoop/share/hadoop/common/lib/hadoop-annotations-2.7.1.jar:/vagrant/sbin/hadoop/share/hadoop/common/lib/hadoop-auth-2.7.1.jar:/vagrant/sbin/hadoop/share/hadoop/common/lib/hamcrest-core-1.3.jar:/vagrant/sbin/hadoop/share/hadoop/common/lib/htrace-core-3.1.0-incubating.jar:/vagrant/sbin/hadoop/share/hadoop/common/lib/httpclient-4.2.5.jar:/vagrant/sbin/hadoop/share/hadoop/common/lib/httpcore-4.2.5.jar:/vagrant/sbin/hadoop/share/hadoop/common/lib/jackson-core-asl-1.9.13.jar:/vagrant/sbin/hadoop/share/hadoop/common/lib/jackson-jaxrs-1.9.13.jar:/vagrant/sbin/hadoop/share/hadoop/common/lib/jackson-mapper-asl-1.9.13.jar:/vagrant/sbin/hadoop/share/hadoop/common/lib/jackson-xc-1.9.13.jar:/vagrant/sbin/hadoop/share/hadoop/common/lib/java-xmlbuilder-0.4.jar:/vagrant/sbin/hadoop/share/hadoop/common/lib/jaxb-api-2.2.2.jar:/vagrant/sbin/hadoop/share/hadoop/common/lib/jaxb-impl-2.2.3-1.jar:/vagrant/sbin/hadoop/share/hadoop/common/lib/jersey-core-1.9.jar:/vagrant/sbin/hadoop/share/hadoop/common/lib/jersey-json-1.9.jar:/vagrant/sbin/hadoop/share/hadoop/common/lib/jersey-server-1.9.jar:/vagrant/sbin/hadoop/share/hadoop/common/lib/jets3t-0.9.0.jar:/vagrant/sbin/hadoop/share/hadoop/common/lib/jettison-1.1.jar:/vagrant/sbin/hadoop/share/hadoop/common/lib/jetty-6.1.26.jar:/vagrant/sbin/hadoop/share/hadoop/common/lib/jetty-util-6.1.26.jar:/vagrant/sbin/hadoop/share/hadoop/common/lib/jsch-0.1.42.jar:/vagrant/sbin/hadoop/share/hadoop/common/lib/jsp-api-2.1.jar:/vagrant/sbin/hadoop/share/hadoop/common/lib/jsr305-3.0.0.jar:/vagrant/sbin/hadoop/share/hadoop/common/lib/junit-4.11.jar:/vagrant/sbin/hadoop/share/hadoop/common/lib/log4j-1.2.17.jar:/vagrant/sbin/hadoop/share/hadoop/common/lib/mockito-all-1.8.5.jar:/vagrant/sbin/hadoop/share/hadoop/common/lib/netty-3.6.2.Final.jar:/vagrant/sbin/hadoop/share/hadoop/common/lib/paranamer-2.3.jar:/vagrant/sbin/hadoop/share/hadoop/common/lib/protobuf-java-2.5.0.jar:/vagrant/sbin/hadoop/share/hadoop/common/lib/servlet-api-2.5.jar:/vagrant/sbin/hadoop/share/hadoop/common/lib/slf4j-api-1.7.10.jar:/vagrant/sbin/hadoop/share/hadoop/common/lib/slf4j-log4j12-1.7.10.jar:/vagrant/sbin/hadoop/share/hadoop/common/lib/snappy-java-1.0.4.1.jar:/vagrant/sbin/hadoop/share/hadoop/common/lib/stax-api-1.0-2.jar:/vagrant/sbin/hadoop/share/hadoop/common/lib/xmlenc-0.52.jar:/vagrant/sbin/hadoop/share/hadoop/common/lib/xz-1.0.jar:/vagrant/sbin/hadoop/share/hadoop/common/lib/zookeeper-3.4.6.jar:/vagrant/sbin/hadoop/share/hadoop/common/hadoop-common-2.7.1-tests.jar:/vagrant/sbin/hadoop/share/hadoop/common/hadoop-common-2.7.1.jar:/vagrant/sbin/hadoop/share/hadoop/common/hadoop-nfs-2.7.1.jar:/vagrant/sbin/hadoop/share/hadoop/hdfs:/vagrant/sbin/hadoop/share/hadoop/hdfs/lib/asm-3.2.jar:/vagrant/sbin/hadoop/share/hadoop/hdfs/lib/commons-cli-1.2.jar:/vagrant/sbin/hadoop/share/hadoop/hdfs/lib/commons-codec-1.4.jar:/vagrant/sbin/hadoop/share/hadoop/hdfs/lib/commons-daemon-1.0.13.jar:/vagrant/sbin/hadoop/share/hadoop/hdfs/lib/commons-io-2.4.jar:/vagrant/sbin/hadoop/share/hadoop/hdfs/lib/commons-lang-2.6.jar:/vagrant/sbin/hadoop/share/hadoop/hdfs/lib/commons-logging-1.1.3.jar:/vagrant/sbin/hadoop/share/hadoop/hdfs/lib/guava-11.0.2.jar:/vagrant/sbin/hadoop/share/hadoop/hdfs/lib/htrace-core-3.1.0-incubating.jar:/vagrant/sbin/hadoop/share/hadoop/hdfs/lib/jackson-core-asl-1.9.13.jar:/vagrant/sbin/hadoop/share/hadoop/hdfs/lib/jackson-mapper-asl-1.9.13.jar:/vagrant/sbin/hadoop/share/hadoop/hdfs/lib/jersey-core-1.9.jar:/vagrant/sbin/hadoop/share/hadoop/hdfs/lib/jersey-server-1.9.jar:/vagrant/sbin/hadoop/share/hadoop/hdfs/lib/jetty-6.1.26.jar:/vagrant/sbin/hadoop/share/hadoop/hdfs/lib/jetty-util-6.1.26.jar:/vagrant/sbin/hadoop/share/hadoop/hdfs/lib/jsr305-3.0.0.jar:/vagrant/sbin/hadoop/share/hadoop/hdfs/lib/leveldbjni-all-1.8.jar:/vagrant/sbin/hadoop/share/hadoop/hdfs/lib/log4j-1.2.17.jar:/vagrant/sbin/hadoop/share/hadoop/hdfs/lib/netty-3.6.2.Final.jar:/vagrant/sbin/hadoop/share/hadoop/hdfs/lib/netty-all-4.0.23.Final.jar:/vagrant/sbin/hadoop/share/hadoop/hdfs/lib/protobuf-java-2.5.0.jar:/vagrant/sbin/hadoop/share/hadoop/hdfs/lib/servlet-api-2.5.jar:/vagrant/sbin/hadoop/share/hadoop/hdfs/lib/xercesImpl-2.9.1.jar:/vagrant/sbin/hadoop/share/hadoop/hdfs/lib/xml-apis-1.3.04.jar:/vagrant/sbin/hadoop/share/hadoop/hdfs/lib/xmlenc-0.52.jar:/vagrant/sbin/hadoop/share/hadoop/hdfs/hadoop-hdfs-2.7.1-tests.jar:/vagrant/sbin/hadoop/share/hadoop/hdfs/hadoop-hdfs-2.7.1.jar:/vagrant/sbin/hadoop/share/hadoop/hdfs/hadoop-hdfs-nfs-2.7.1.jar:/vagrant/sbin/hadoop/share/hadoop/yarn/lib/activation-1.1.jar:/vagrant/sbin/hadoop/share/hadoop/yarn/lib/aopalliance-1.0.jar:/vagrant/sbin/hadoop/share/hadoop/yarn/lib/asm-3.2.jar:/vagrant/sbin/hadoop/share/hadoop/yarn/lib/commons-cli-1.2.jar:/vagrant/sbin/hadoop/share/hadoop/yarn/lib/commons-codec-1.4.jar:/vagrant/sbin/hadoop/share/hadoop/yarn/lib/commons-collections-3.2.1.jar:/vagrant/sbin/hadoop/share/hadoop/yarn/lib/commons-compress-1.4.1.jar:/vagrant/sbin/hadoop/share/hadoop/yarn/lib/commons-io-2.4.jar:/vagrant/sbin/hadoop/share/hadoop/yarn/lib/commons-lang-2.6.jar:/vagrant/sbin/hadoop/share/hadoop/yarn/lib/commons-logging-1.1.3.jar:/vagrant/sbin/hadoop/share/hadoop/yarn/lib/guava-11.0.2.jar:/vagrant/sbin/hadoop/share/hadoop/yarn/lib/guice-3.0.jar:/vagrant/sbin/hadoop/share/hadoop/yarn/lib/guice-servlet-3.0.jar:/vagrant/sbin/hadoop/share/hadoop/yarn/lib/jackson-core-asl-1.9.13.jar:/vagrant/sbin/hadoop/share/hadoop/yarn/lib/jackson-jaxrs-1.9.13.jar:/vagrant/sbin/hadoop/share/hadoop/yarn/lib/jackson-mapper-asl-1.9.13.jar:/vagrant/sbin/hadoop/share/hadoop/yarn/lib/jackson-xc-1.9.13.jar:/vagrant/sbin/hadoop/share/hadoop/yarn/lib/javax.inject-1.jar:/vagrant/sbin/hadoop/share/hadoop/yarn/lib/jaxb-api-2.2.2.jar:/vagrant/sbin/hadoop/share/hadoop/yarn/lib/jaxb-impl-2.2.3-1.jar:/vagrant/sbin/hadoop/share/hadoop/yarn/lib/jersey-client-1.9.jar:/vagrant/sbin/hadoop/share/hadoop/yarn/lib/jersey-core-1.9.jar:/vagrant/sbin/hadoop/share/hadoop/yarn/lib/jersey-guice-1.9.jar:/vagrant/sbin/hadoop/share/hadoop/yarn/lib/jersey-json-1.9.jar:/vagrant/sbin/hadoop/share/hadoop/yarn/lib/jersey-server-1.9.jar:/vagrant/sbin/hadoop/share/hadoop/yarn/lib/jettison-1.1.jar:/vagrant/sbin/hadoop/share/hadoop/yarn/lib/jetty-6.1.26.jar:/vagrant/sbin/hadoop/share/hadoop/yarn/lib/jetty-util-6.1.26.jar:/vagrant/sbin/hadoop/share/hadoop/yarn/lib/jsr305-3.0.0.jar:/vagrant/sbin/hadoop/share/hadoop/yarn/lib/leveldbjni-all-1.8.jar:/vagrant/sbin/hadoop/share/hadoop/yarn/lib/log4j-1.2.17.jar:/vagrant/sbin/hadoop/share/hadoop/yarn/lib/netty-3.6.2.Final.jar:/vagrant/sbin/hadoop/share/hadoop/yarn/lib/protobuf-java-2.5.0.jar:/vagrant/sbin/hadoop/share/hadoop/yarn/lib/servlet-api-2.5.jar:/vagrant/sbin/hadoop/share/hadoop/yarn/lib/stax-api-1.0-2.jar:/vagrant/sbin/hadoop/share/hadoop/yarn/lib/xz-1.0.jar:/vagrant/sbin/hadoop/share/hadoop/yarn/lib/zookeeper-3.4.6-tests.jar:/vagrant/sbin/hadoop/share/hadoop/yarn/lib/zookeeper-3.4.6.jar:/vagrant/sbin/hadoop/share/hadoop/yarn/hadoop-yarn-api-2.7.1.jar:/vagrant/sbin/hadoop/share/hadoop/yarn/hadoop-yarn-applications-distributedshell-2.7.1.jar:/vagrant/sbin/hadoop/share/hadoop/yarn/hadoop-yarn-applications-unmanaged-am-launcher-2.7.1.jar:/vagrant/sbin/hadoop/share/hadoop/yarn/hadoop-yarn-client-2.7.1.jar:/vagrant/sbin/hadoop/share/hadoop/yarn/hadoop-yarn-common-2.7.1.jar:/vagrant/sbin/hadoop/share/hadoop/yarn/hadoop-yarn-registry-2.7.1.jar:/vagrant/sbin/hadoop/share/hadoop/yarn/hadoop-yarn-server-applicationhistoryservice-2.7.1.jar:/vagrant/sbin/hadoop/share/hadoop/yarn/hadoop-yarn-server-common-2.7.1.jar:/vagrant/sbin/hadoop/share/hadoop/yarn/hadoop-yarn-server-nodemanager-2.7.1.jar:/vagrant/sbin/hadoop/share/hadoop/yarn/hadoop-yarn-server-resourcemanager-2.7.1.jar:/vagrant/sbin/hadoop/share/hadoop/yarn/hadoop-yarn-server-sharedcachemanager-2.7.1.jar:/vagrant/sbin/hadoop/share/hadoop/yarn/hadoop-yarn-server-tests-2.7.1.jar:/vagrant/sbin/hadoop/share/hadoop/yarn/hadoop-yarn-server-web-proxy-2.7.1.jar:/vagrant/sbin/hadoop/share/hadoop/mapreduce/lib/aopalliance-1.0.jar:/vagrant/sbin/hadoop/share/hadoop/mapreduce/lib/asm-3.2.jar:/vagrant/sbin/hadoop/share/hadoop/mapreduce/lib/avro-1.7.4.jar:/vagrant/sbin/hadoop/share/hadoop/mapreduce/lib/commons-compress-1.4.1.jar:/vagrant/sbin/hadoop/share/hadoop/mapreduce/lib/commons-io-2.4.jar:/vagrant/sbin/hadoop/share/hadoop/mapreduce/lib/guice-3.0.jar:/vagrant/sbin/hadoop/share/hadoop/mapreduce/lib/guice-servlet-3.0.jar:/vagrant/sbin/hadoop/share/hadoop/mapreduce/lib/hadoop-annotations-2.7.1.jar:/vagrant/sbin/hadoop/share/hadoop/mapreduce/lib/hamcrest-core-1.3.jar:/vagrant/sbin/hadoop/share/hadoop/mapreduce/lib/jackson-core-asl-1.9.13.jar:/vagrant/sbin/hadoop/share/hadoop/mapreduce/lib/jackson-mapper-asl-1.9.13.jar:/vagrant/sbin/hadoop/share/hadoop/mapreduce/lib/javax.inject-1.jar:/vagrant/sbin/hadoop/share/hadoop/mapreduce/lib/jersey-core-1.9.jar:/vagrant/sbin/hadoop/share/hadoop/mapreduce/lib/jersey-guice-1.9.jar:/vagrant/sbin/hadoop/share/hadoop/mapreduce/lib/jersey-server-1.9.jar:/vagrant/sbin/hadoop/share/hadoop/mapreduce/lib/junit-4.11.jar:/vagrant/sbin/hadoop/share/hadoop/mapreduce/lib/leveldbjni-all-1.8.jar:/vagrant/sbin/hadoop/share/hadoop/mapreduce/lib/log4j-1.2.17.jar:/vagrant/sbin/hadoop/share/hadoop/mapreduce/lib/netty-3.6.2.Final.jar:/vagrant/sbin/hadoop/share/hadoop/mapreduce/lib/paranamer-2.3.jar:/vagrant/sbin/hadoop/share/hadoop/mapreduce/lib/protobuf-java-2.5.0.jar:/vagrant/sbin/hadoop/share/hadoop/mapreduce/lib/snappy-java-1.0.4.1.jar:/vagrant/sbin/hadoop/share/hadoop/mapreduce/lib/xz-1.0.jar:/vagrant/sbin/hadoop/share/hadoop/mapreduce/hadoop-mapreduce-client-app-2.7.1.jar:/vagrant/sbin/hadoop/share/hadoop/mapreduce/hadoop-mapreduce-client-common-2.7.1.jar:/vagrant/sbin/hadoop/share/hadoop/mapreduce/hadoop-mapreduce-client-core-2.7.1.jar:/vagrant/sbin/hadoop/share/hadoop/mapreduce/hadoop-mapreduce-client-hs-2.7.1.jar:/vagrant/sbin/hadoop/share/hadoop/mapreduce/hadoop-mapreduce-client-hs-plugins-2.7.1.jar:/vagrant/sbin/hadoop/share/hadoop/mapreduce/hadoop-mapreduce-client-jobclient-2.7.1-tests.jar:/vagrant/sbin/hadoop/share/hadoop/mapreduce/hadoop-mapreduce-client-jobclient-2.7.1.jar:/vagrant/sbin/hadoop/share/hadoop/mapreduce/hadoop-mapreduce-client-shuffle-2.7.1.jar:/vagrant/sbin/hadoop/share/hadoop/mapreduce/hadoop-mapreduce-examples-2.7.1.jar:/contrib/capacity-scheduler/*.jar:/vagrant/sbin/hadoop/contrib/capacity-scheduler/*.jar:/vagrant/sbin/hadoop/contrib/capacity-scheduler/*.jar
STARTUP_MSG:   build = https://git-wip-us.apache.org/repos/asf/hadoop.git -r 15ecc87ccf4a0228f35af08fc56de536e6ce657a; compiled by 'jenkins' on 2015-06-29T06:04Z
STARTUP_MSG:   java = 1.8.0_45-internal
************************************************************/
2016-12-19 07:45:48,517 INFO org.apache.hadoop.hdfs.server.namenode.NameNode: registered UNIX signal handlers for [TERM, HUP, INT]
2016-12-19 07:45:48,524 INFO org.apache.hadoop.hdfs.server.namenode.NameNode: createNameNode []
2016-12-19 07:45:49,090 INFO org.apache.hadoop.metrics2.impl.MetricsConfig: loaded properties from hadoop-metrics2.properties
2016-12-19 07:45:49,242 INFO org.apache.hadoop.metrics2.impl.MetricsSystemImpl: Scheduled snapshot period at 10 second(s).
2016-12-19 07:45:49,242 INFO org.apache.hadoop.metrics2.impl.MetricsSystemImpl: NameNode metrics system started
2016-12-19 07:45:49,245 INFO org.apache.hadoop.hdfs.server.namenode.NameNode: fs.defaultFS is hdfs://localhost:9000
2016-12-19 07:45:49,246 INFO org.apache.hadoop.hdfs.server.namenode.NameNode: Clients are to use localhost:9000 to access this namenode/service.
2016-12-19 07:45:49,609 INFO org.apache.hadoop.hdfs.DFSUtil: Starting Web-server for hdfs at: http://0.0.0.0:50070
2016-12-19 07:45:49,715 INFO org.mortbay.log: Logging to org.slf4j.impl.Log4jLoggerAdapter(org.mortbay.log) via org.mortbay.log.Slf4jLog
2016-12-19 07:45:49,729 INFO org.apache.hadoop.security.authentication.server.AuthenticationFilter: Unable to initialize FileSignerSecretProvider, falling back to use random secrets.
2016-12-19 07:45:49,752 INFO org.apache.hadoop.http.HttpRequestLog: Http request log for http.requests.namenode is not defined
2016-12-19 07:45:49,762 INFO org.apache.hadoop.http.HttpServer2: Added global filter 'safety' (class=org.apache.hadoop.http.HttpServer2$QuotingInputFilter)
2016-12-19 07:45:49,766 INFO org.apache.hadoop.http.HttpServer2: Added filter static_user_filter (class=org.apache.hadoop.http.lib.StaticUserWebFilter$StaticUserFilter) to context hdfs
2016-12-19 07:45:49,766 INFO org.apache.hadoop.http.HttpServer2: Added filter static_user_filter (class=org.apache.hadoop.http.lib.StaticUserWebFilter$StaticUserFilter) to context static
2016-12-19 07:45:49,766 INFO org.apache.hadoop.http.HttpServer2: Added filter static_user_filter (class=org.apache.hadoop.http.lib.StaticUserWebFilter$StaticUserFilter) to context logs
2016-12-19 07:45:49,807 INFO org.apache.hadoop.http.HttpServer2: Added filter 'org.apache.hadoop.hdfs.web.AuthFilter' (class=org.apache.hadoop.hdfs.web.AuthFilter)
2016-12-19 07:45:49,811 INFO org.apache.hadoop.http.HttpServer2: addJerseyResourcePackage: packageName=org.apache.hadoop.hdfs.server.namenode.web.resources;org.apache.hadoop.hdfs.web.resources, pathSpec=/webhdfs/v1/*
2016-12-19 07:45:49,851 INFO org.apache.hadoop.http.HttpServer2: Jetty bound to port 50070
2016-12-19 07:45:49,851 INFO org.mortbay.log: jetty-6.1.26
2016-12-19 07:45:50,319 INFO org.mortbay.log: Started HttpServer2$SelectChannelConnectorWithSafeStartup@0.0.0.0:50070
2016-12-19 07:45:50,371 WARN org.apache.hadoop.hdfs.server.namenode.FSNamesystem: Only one image storage directory (dfs.namenode.name.dir) configured. Beware of data loss due to lack of redundant storage directories!
2016-12-19 07:45:50,371 WARN org.apache.hadoop.hdfs.server.namenode.FSNamesystem: Only one namespace edits storage directory (dfs.namenode.edits.dir) configured. Beware of data loss due to lack of redundant storage directories!
2016-12-19 07:45:50,459 INFO org.apache.hadoop.hdfs.server.namenode.FSNamesystem: No KeyProvider found.
2016-12-19 07:45:50,459 INFO org.apache.hadoop.hdfs.server.namenode.FSNamesystem: fsLock is fair:true
2016-12-19 07:45:50,541 INFO org.apache.hadoop.hdfs.server.blockmanagement.DatanodeManager: dfs.block.invalidate.limit=1000
2016-12-19 07:45:50,541 INFO org.apache.hadoop.hdfs.server.blockmanagement.DatanodeManager: dfs.namenode.datanode.registration.ip-hostname-check=true
2016-12-19 07:45:50,543 INFO org.apache.hadoop.hdfs.server.blockmanagement.BlockManager: dfs.namenode.startup.delay.block.deletion.sec is set to 000:00:00:00.000
2016-12-19 07:45:50,549 INFO org.apache.hadoop.hdfs.server.blockmanagement.BlockManager: The block deletion will start around 2016 Dec 19 07:45:50
2016-12-19 07:45:50,553 INFO org.apache.hadoop.util.GSet: Computing capacity for map BlocksMap
2016-12-19 07:45:50,554 INFO org.apache.hadoop.util.GSet: VM type       = 64-bit
2016-12-19 07:45:50,555 INFO org.apache.hadoop.util.GSet: 2.0% max memory 889 MB = 17.8 MB
2016-12-19 07:45:50,556 INFO org.apache.hadoop.util.GSet: capacity      = 2^21 = 2097152 entries
2016-12-19 07:45:50,577 INFO org.apache.hadoop.hdfs.server.blockmanagement.BlockManager: dfs.block.access.token.enable=false
2016-12-19 07:45:50,577 INFO org.apache.hadoop.hdfs.server.blockmanagement.BlockManager: defaultReplication         = 1
2016-12-19 07:45:50,577 INFO org.apache.hadoop.hdfs.server.blockmanagement.BlockManager: maxReplication             = 512
2016-12-19 07:45:50,577 INFO org.apache.hadoop.hdfs.server.blockmanagement.BlockManager: minReplication             = 1
2016-12-19 07:45:50,577 INFO org.apache.hadoop.hdfs.server.blockmanagement.BlockManager: maxReplicationStreams      = 2
2016-12-19 07:45:50,577 INFO org.apache.hadoop.hdfs.server.blockmanagement.BlockManager: shouldCheckForEnoughRacks  = false
2016-12-19 07:45:50,577 INFO org.apache.hadoop.hdfs.server.blockmanagement.BlockManager: replicationRecheckInterval = 3000
2016-12-19 07:45:50,577 INFO org.apache.hadoop.hdfs.server.blockmanagement.BlockManager: encryptDataTransfer        = false
2016-12-19 07:45:50,577 INFO org.apache.hadoop.hdfs.server.blockmanagement.BlockManager: maxNumBlocksToLog          = 1000
2016-12-19 07:45:50,588 INFO org.apache.hadoop.hdfs.server.namenode.FSNamesystem: fsOwner             = vagrant (auth:SIMPLE)
2016-12-19 07:45:50,588 INFO org.apache.hadoop.hdfs.server.namenode.FSNamesystem: supergroup          = supergroup
2016-12-19 07:45:50,588 INFO org.apache.hadoop.hdfs.server.namenode.FSNamesystem: isPermissionEnabled = true
2016-12-19 07:45:50,589 INFO org.apache.hadoop.hdfs.server.namenode.FSNamesystem: HA Enabled: false
2016-12-19 07:45:50,594 INFO org.apache.hadoop.hdfs.server.namenode.FSNamesystem: Append Enabled: true
2016-12-19 07:45:50,695 INFO org.apache.hadoop.util.GSet: Computing capacity for map INodeMap
2016-12-19 07:45:50,695 INFO org.apache.hadoop.util.GSet: VM type       = 64-bit
2016-12-19 07:45:50,696 INFO org.apache.hadoop.util.GSet: 1.0% max memory 889 MB = 8.9 MB
2016-12-19 07:45:50,696 INFO org.apache.hadoop.util.GSet: capacity      = 2^20 = 1048576 entries
2016-12-19 07:45:50,696 INFO org.apache.hadoop.hdfs.server.namenode.FSDirectory: ACLs enabled? false
2016-12-19 07:45:50,696 INFO org.apache.hadoop.hdfs.server.namenode.FSDirectory: XAttrs enabled? true
2016-12-19 07:45:50,697 INFO org.apache.hadoop.hdfs.server.namenode.FSDirectory: Maximum size of an xattr: 16384
2016-12-19 07:45:50,697 INFO org.apache.hadoop.hdfs.server.namenode.NameNode: Caching file names occuring more than 10 times
2016-12-19 07:45:50,710 INFO org.apache.hadoop.util.GSet: Computing capacity for map cachedBlocks
2016-12-19 07:45:50,710 INFO org.apache.hadoop.util.GSet: VM type       = 64-bit
2016-12-19 07:45:50,710 INFO org.apache.hadoop.util.GSet: 0.25% max memory 889 MB = 2.2 MB
2016-12-19 07:45:50,710 INFO org.apache.hadoop.util.GSet: capacity      = 2^18 = 262144 entries
2016-12-19 07:45:50,712 INFO org.apache.hadoop.hdfs.server.namenode.FSNamesystem: dfs.namenode.safemode.threshold-pct = 0.9990000128746033
2016-12-19 07:45:50,712 INFO org.apache.hadoop.hdfs.server.namenode.FSNamesystem: dfs.namenode.safemode.min.datanodes = 0
2016-12-19 07:45:50,712 INFO org.apache.hadoop.hdfs.server.namenode.FSNamesystem: dfs.namenode.safemode.extension     = 30000
2016-12-19 07:45:50,718 INFO org.apache.hadoop.hdfs.server.namenode.top.metrics.TopMetrics: NNTop conf: dfs.namenode.top.window.num.buckets = 10
2016-12-19 07:45:50,718 INFO org.apache.hadoop.hdfs.server.namenode.top.metrics.TopMetrics: NNTop conf: dfs.namenode.top.num.users = 10
2016-12-19 07:45:50,718 INFO org.apache.hadoop.hdfs.server.namenode.top.metrics.TopMetrics: NNTop conf: dfs.namenode.top.windows.minutes = 1,5,25
2016-12-19 07:45:50,721 INFO org.apache.hadoop.hdfs.server.namenode.FSNamesystem: Retry cache on namenode is enabled
2016-12-19 07:45:50,721 INFO org.apache.hadoop.hdfs.server.namenode.FSNamesystem: Retry cache will use 0.03 of total heap and retry cache entry expiry time is 600000 millis
2016-12-19 07:45:50,725 INFO org.apache.hadoop.util.GSet: Computing capacity for map NameNodeRetryCache
2016-12-19 07:45:50,725 INFO org.apache.hadoop.util.GSet: VM type       = 64-bit
2016-12-19 07:45:50,725 INFO org.apache.hadoop.util.GSet: 0.029999999329447746% max memory 889 MB = 273.1 KB
2016-12-19 07:45:50,725 INFO org.apache.hadoop.util.GSet: capacity      = 2^15 = 32768 entries
2016-12-19 07:45:50,744 INFO org.apache.hadoop.hdfs.server.common.Storage: Lock on /vagrant/sbin/hadoop/tmp/namenode/in_use.lock acquired by nodename 5910@vagrant-ubuntu-trusty.vagrantup.com
2016-12-19 07:45:50,833 INFO org.apache.hadoop.hdfs.server.namenode.FileJournalManager: Recovering unfinalized segments in /vagrant/sbin/hadoop/tmp/namenode/current
2016-12-19 07:45:50,835 INFO org.apache.hadoop.hdfs.server.namenode.FSImage: No edit log streams selected.
2016-12-19 07:45:50,932 INFO org.apache.hadoop.hdfs.server.namenode.FSImageFormatPBINode: Loading 1 INodes.
2016-12-19 07:45:51,035 INFO org.apache.hadoop.hdfs.server.namenode.FSImageFormatProtobuf: Loaded FSImage in 0 seconds.
2016-12-19 07:45:51,035 INFO org.apache.hadoop.hdfs.server.namenode.FSImage: Loaded image for txid 0 from /vagrant/sbin/hadoop/tmp/namenode/current/fsimage_0000000000000000000
2016-12-19 07:45:51,062 INFO org.apache.hadoop.hdfs.server.namenode.FSNamesystem: Need to save fs image? false (staleImage=false, haEnabled=false, isRollingUpgrade=false)
2016-12-19 07:45:51,064 INFO org.apache.hadoop.hdfs.server.namenode.FSEditLog: Starting log segment at 1
2016-12-19 07:45:51,204 INFO org.apache.hadoop.hdfs.server.namenode.NameCache: initialized with 0 entries 0 lookups
2016-12-19 07:45:51,204 INFO org.apache.hadoop.hdfs.server.namenode.FSNamesystem: Finished loading FSImage in 475 msecs
2016-12-19 07:45:51,589 INFO org.apache.hadoop.hdfs.server.namenode.NameNode: RPC server is binding to localhost:9000
2016-12-19 07:45:51,601 INFO org.apache.hadoop.ipc.CallQueueManager: Using callQueue class java.util.concurrent.LinkedBlockingQueue
2016-12-19 07:45:51,618 INFO org.apache.hadoop.ipc.Server: Starting Socket Reader #1 for port 9000
2016-12-19 07:45:51,684 INFO org.apache.hadoop.hdfs.server.namenode.FSNamesystem: Registered FSNamesystemState MBean
2016-12-19 07:45:51,727 INFO org.apache.hadoop.hdfs.server.namenode.LeaseManager: Number of blocks under construction: 0
2016-12-19 07:45:51,727 INFO org.apache.hadoop.hdfs.server.namenode.LeaseManager: Number of blocks under construction: 0
2016-12-19 07:45:51,727 INFO org.apache.hadoop.hdfs.server.namenode.FSNamesystem: initializing replication queues
2016-12-19 07:45:51,728 INFO org.apache.hadoop.hdfs.StateChange: STATE* Leaving safe mode after 1 secs
2016-12-19 07:45:51,728 INFO org.apache.hadoop.hdfs.StateChange: STATE* Network topology has 0 racks and 0 datanodes
2016-12-19 07:45:51,728 INFO org.apache.hadoop.hdfs.StateChange: STATE* UnderReplicatedBlocks has 0 blocks
2016-12-19 07:45:51,747 INFO org.apache.hadoop.hdfs.server.blockmanagement.DatanodeDescriptor: Number of failed storage changes from 0 to 0
2016-12-19 07:45:51,747 INFO org.apache.hadoop.hdfs.server.blockmanagement.BlockManager: Total number of blocks            = 0
2016-12-19 07:45:51,748 INFO org.apache.hadoop.hdfs.server.blockmanagement.BlockManager: Number of invalid blocks          = 0
2016-12-19 07:45:51,748 INFO org.apache.hadoop.hdfs.server.blockmanagement.BlockManager: Number of under-replicated blocks = 0
2016-12-19 07:45:51,748 INFO org.apache.hadoop.hdfs.server.blockmanagement.BlockManager: Number of  over-replicated blocks = 0
2016-12-19 07:45:51,749 INFO org.apache.hadoop.hdfs.server.blockmanagement.BlockManager: Number of blocks being written    = 0
2016-12-19 07:45:51,749 INFO org.apache.hadoop.hdfs.StateChange: STATE* Replication Queue initialization scan for invalid, over- and under-replicated blocks completed in 21 msec
2016-12-19 07:45:51,817 INFO org.apache.hadoop.ipc.Server: IPC Server Responder: starting
2016-12-19 07:45:51,817 INFO org.apache.hadoop.ipc.Server: IPC Server listener on 9000: starting
2016-12-19 07:45:51,827 INFO org.apache.hadoop.hdfs.server.namenode.NameNode: NameNode RPC up at: localhost/127.0.0.1:9000
2016-12-19 07:45:51,827 INFO org.apache.hadoop.hdfs.server.namenode.FSNamesystem: Starting services required for active state
2016-12-19 07:45:51,836 INFO org.apache.hadoop.hdfs.server.blockmanagement.CacheReplicationMonitor: Starting CacheReplicationMonitor with interval 30000 milliseconds
2016-12-19 07:47:12,463 INFO org.apache.hadoop.hdfs.server.namenode.FSNamesystem: Roll Edit Log from 127.0.0.1
2016-12-19 07:47:12,463 INFO org.apache.hadoop.hdfs.server.namenode.FSEditLog: Rolling edit logs
2016-12-19 07:47:12,463 INFO org.apache.hadoop.hdfs.server.namenode.FSEditLog: Ending log segment 1
2016-12-19 07:47:12,464 INFO org.apache.hadoop.hdfs.server.namenode.FSEditLog: Number of transactions: 2 Total time for transactions(ms): 1 Number of transactions batched in Syncs: 0 Number of syncs: 2 SyncTimes(ms): 5 
2016-12-19 07:47:12,464 INFO org.apache.hadoop.hdfs.server.namenode.FSEditLog: Number of transactions: 2 Total time for transactions(ms): 1 Number of transactions batched in Syncs: 0 Number of syncs: 3 SyncTimes(ms): 6 
2016-12-19 07:47:12,468 INFO org.apache.hadoop.hdfs.server.namenode.FileJournalManager: Finalizing edits file /vagrant/sbin/hadoop/tmp/namenode/current/edits_inprogress_0000000000000000001 -> /vagrant/sbin/hadoop/tmp/namenode/current/edits_0000000000000000001-0000000000000000002
2016-12-19 07:47:12,474 INFO org.apache.hadoop.hdfs.server.namenode.FSEditLog: Starting log segment at 3
2016-12-19 07:47:13,828 INFO org.apache.hadoop.hdfs.server.namenode.TransferFsImage: Transfer took 0.00s at 0.00 KB/s
2016-12-19 07:47:13,829 INFO org.apache.hadoop.hdfs.server.namenode.TransferFsImage: Downloaded file fsimage.ckpt_0000000000000000002 size 354 bytes.
2016-12-19 07:47:13,842 INFO org.apache.hadoop.hdfs.server.namenode.NNStorageRetentionManager: Going to retain 2 images with txid >= 0
2016-12-19 07:50:18,030 ERROR org.apache.hadoop.hdfs.server.namenode.NameNode: RECEIVED SIGNAL 15: SIGTERM
2016-12-19 07:50:18,033 INFO org.apache.hadoop.hdfs.server.namenode.NameNode: SHUTDOWN_MSG: 
/************************************************************
SHUTDOWN_MSG: Shutting down NameNode at vagrant-ubuntu-trusty.vagrantup.com/127.0.1.1
************************************************************/
2016-12-19 07:59:03,774 INFO org.apache.hadoop.hdfs.server.namenode.NameNode: STARTUP_MSG: 
/************************************************************
STARTUP_MSG: Starting NameNode
STARTUP_MSG:   host = vagrant-ubuntu-trusty.vagrantup.com/127.0.1.1
STARTUP_MSG:   args = []
STARTUP_MSG:   version = 2.7.1
STARTUP_MSG:   classpath = /vagrant/sbin/hadoop/etc/hadoop:/vagrant/sbin/hadoop/share/hadoop/common/lib/activation-1.1.jar:/vagrant/sbin/hadoop/share/hadoop/common/lib/apacheds-i18n-2.0.0-M15.jar:/vagrant/sbin/hadoop/share/hadoop/common/lib/apacheds-kerberos-codec-2.0.0-M15.jar:/vagrant/sbin/hadoop/share/hadoop/common/lib/api-asn1-api-1.0.0-M20.jar:/vagrant/sbin/hadoop/share/hadoop/common/lib/api-util-1.0.0-M20.jar:/vagrant/sbin/hadoop/share/hadoop/common/lib/asm-3.2.jar:/vagrant/sbin/hadoop/share/hadoop/common/lib/avro-1.7.4.jar:/vagrant/sbin/hadoop/share/hadoop/common/lib/commons-beanutils-1.7.0.jar:/vagrant/sbin/hadoop/share/hadoop/common/lib/commons-beanutils-core-1.8.0.jar:/vagrant/sbin/hadoop/share/hadoop/common/lib/commons-cli-1.2.jar:/vagrant/sbin/hadoop/share/hadoop/common/lib/commons-codec-1.4.jar:/vagrant/sbin/hadoop/share/hadoop/common/lib/commons-collections-3.2.1.jar:/vagrant/sbin/hadoop/share/hadoop/common/lib/commons-compress-1.4.1.jar:/vagrant/sbin/hadoop/share/hadoop/common/lib/commons-configuration-1.6.jar:/vagrant/sbin/hadoop/share/hadoop/common/lib/commons-digester-1.8.jar:/vagrant/sbin/hadoop/share/hadoop/common/lib/commons-httpclient-3.1.jar:/vagrant/sbin/hadoop/share/hadoop/common/lib/commons-io-2.4.jar:/vagrant/sbin/hadoop/share/hadoop/common/lib/commons-lang-2.6.jar:/vagrant/sbin/hadoop/share/hadoop/common/lib/commons-logging-1.1.3.jar:/vagrant/sbin/hadoop/share/hadoop/common/lib/commons-math3-3.1.1.jar:/vagrant/sbin/hadoop/share/hadoop/common/lib/commons-net-3.1.jar:/vagrant/sbin/hadoop/share/hadoop/common/lib/curator-client-2.7.1.jar:/vagrant/sbin/hadoop/share/hadoop/common/lib/curator-framework-2.7.1.jar:/vagrant/sbin/hadoop/share/hadoop/common/lib/curator-recipes-2.7.1.jar:/vagrant/sbin/hadoop/share/hadoop/common/lib/gson-2.2.4.jar:/vagrant/sbin/hadoop/share/hadoop/common/lib/guava-11.0.2.jar:/vagrant/sbin/hadoop/share/hadoop/common/lib/hadoop-annotations-2.7.1.jar:/vagrant/sbin/hadoop/share/hadoop/common/lib/hadoop-auth-2.7.1.jar:/vagrant/sbin/hadoop/share/hadoop/common/lib/hamcrest-core-1.3.jar:/vagrant/sbin/hadoop/share/hadoop/common/lib/htrace-core-3.1.0-incubating.jar:/vagrant/sbin/hadoop/share/hadoop/common/lib/httpclient-4.2.5.jar:/vagrant/sbin/hadoop/share/hadoop/common/lib/httpcore-4.2.5.jar:/vagrant/sbin/hadoop/share/hadoop/common/lib/jackson-core-asl-1.9.13.jar:/vagrant/sbin/hadoop/share/hadoop/common/lib/jackson-jaxrs-1.9.13.jar:/vagrant/sbin/hadoop/share/hadoop/common/lib/jackson-mapper-asl-1.9.13.jar:/vagrant/sbin/hadoop/share/hadoop/common/lib/jackson-xc-1.9.13.jar:/vagrant/sbin/hadoop/share/hadoop/common/lib/java-xmlbuilder-0.4.jar:/vagrant/sbin/hadoop/share/hadoop/common/lib/jaxb-api-2.2.2.jar:/vagrant/sbin/hadoop/share/hadoop/common/lib/jaxb-impl-2.2.3-1.jar:/vagrant/sbin/hadoop/share/hadoop/common/lib/jersey-core-1.9.jar:/vagrant/sbin/hadoop/share/hadoop/common/lib/jersey-json-1.9.jar:/vagrant/sbin/hadoop/share/hadoop/common/lib/jersey-server-1.9.jar:/vagrant/sbin/hadoop/share/hadoop/common/lib/jets3t-0.9.0.jar:/vagrant/sbin/hadoop/share/hadoop/common/lib/jettison-1.1.jar:/vagrant/sbin/hadoop/share/hadoop/common/lib/jetty-6.1.26.jar:/vagrant/sbin/hadoop/share/hadoop/common/lib/jetty-util-6.1.26.jar:/vagrant/sbin/hadoop/share/hadoop/common/lib/jsch-0.1.42.jar:/vagrant/sbin/hadoop/share/hadoop/common/lib/jsp-api-2.1.jar:/vagrant/sbin/hadoop/share/hadoop/common/lib/jsr305-3.0.0.jar:/vagrant/sbin/hadoop/share/hadoop/common/lib/junit-4.11.jar:/vagrant/sbin/hadoop/share/hadoop/common/lib/log4j-1.2.17.jar:/vagrant/sbin/hadoop/share/hadoop/common/lib/mockito-all-1.8.5.jar:/vagrant/sbin/hadoop/share/hadoop/common/lib/netty-3.6.2.Final.jar:/vagrant/sbin/hadoop/share/hadoop/common/lib/paranamer-2.3.jar:/vagrant/sbin/hadoop/share/hadoop/common/lib/protobuf-java-2.5.0.jar:/vagrant/sbin/hadoop/share/hadoop/common/lib/servlet-api-2.5.jar:/vagrant/sbin/hadoop/share/hadoop/common/lib/slf4j-api-1.7.10.jar:/vagrant/sbin/hadoop/share/hadoop/common/lib/slf4j-log4j12-1.7.10.jar:/vagrant/sbin/hadoop/share/hadoop/common/lib/snappy-java-1.0.4.1.jar:/vagrant/sbin/hadoop/share/hadoop/common/lib/stax-api-1.0-2.jar:/vagrant/sbin/hadoop/share/hadoop/common/lib/xmlenc-0.52.jar:/vagrant/sbin/hadoop/share/hadoop/common/lib/xz-1.0.jar:/vagrant/sbin/hadoop/share/hadoop/common/lib/zookeeper-3.4.6.jar:/vagrant/sbin/hadoop/share/hadoop/common/hadoop-common-2.7.1-tests.jar:/vagrant/sbin/hadoop/share/hadoop/common/hadoop-common-2.7.1.jar:/vagrant/sbin/hadoop/share/hadoop/common/hadoop-nfs-2.7.1.jar:/vagrant/sbin/hadoop/share/hadoop/hdfs:/vagrant/sbin/hadoop/share/hadoop/hdfs/lib/asm-3.2.jar:/vagrant/sbin/hadoop/share/hadoop/hdfs/lib/commons-cli-1.2.jar:/vagrant/sbin/hadoop/share/hadoop/hdfs/lib/commons-codec-1.4.jar:/vagrant/sbin/hadoop/share/hadoop/hdfs/lib/commons-daemon-1.0.13.jar:/vagrant/sbin/hadoop/share/hadoop/hdfs/lib/commons-io-2.4.jar:/vagrant/sbin/hadoop/share/hadoop/hdfs/lib/commons-lang-2.6.jar:/vagrant/sbin/hadoop/share/hadoop/hdfs/lib/commons-logging-1.1.3.jar:/vagrant/sbin/hadoop/share/hadoop/hdfs/lib/guava-11.0.2.jar:/vagrant/sbin/hadoop/share/hadoop/hdfs/lib/htrace-core-3.1.0-incubating.jar:/vagrant/sbin/hadoop/share/hadoop/hdfs/lib/jackson-core-asl-1.9.13.jar:/vagrant/sbin/hadoop/share/hadoop/hdfs/lib/jackson-mapper-asl-1.9.13.jar:/vagrant/sbin/hadoop/share/hadoop/hdfs/lib/jersey-core-1.9.jar:/vagrant/sbin/hadoop/share/hadoop/hdfs/lib/jersey-server-1.9.jar:/vagrant/sbin/hadoop/share/hadoop/hdfs/lib/jetty-6.1.26.jar:/vagrant/sbin/hadoop/share/hadoop/hdfs/lib/jetty-util-6.1.26.jar:/vagrant/sbin/hadoop/share/hadoop/hdfs/lib/jsr305-3.0.0.jar:/vagrant/sbin/hadoop/share/hadoop/hdfs/lib/leveldbjni-all-1.8.jar:/vagrant/sbin/hadoop/share/hadoop/hdfs/lib/log4j-1.2.17.jar:/vagrant/sbin/hadoop/share/hadoop/hdfs/lib/netty-3.6.2.Final.jar:/vagrant/sbin/hadoop/share/hadoop/hdfs/lib/netty-all-4.0.23.Final.jar:/vagrant/sbin/hadoop/share/hadoop/hdfs/lib/protobuf-java-2.5.0.jar:/vagrant/sbin/hadoop/share/hadoop/hdfs/lib/servlet-api-2.5.jar:/vagrant/sbin/hadoop/share/hadoop/hdfs/lib/xercesImpl-2.9.1.jar:/vagrant/sbin/hadoop/share/hadoop/hdfs/lib/xml-apis-1.3.04.jar:/vagrant/sbin/hadoop/share/hadoop/hdfs/lib/xmlenc-0.52.jar:/vagrant/sbin/hadoop/share/hadoop/hdfs/hadoop-hdfs-2.7.1-tests.jar:/vagrant/sbin/hadoop/share/hadoop/hdfs/hadoop-hdfs-2.7.1.jar:/vagrant/sbin/hadoop/share/hadoop/hdfs/hadoop-hdfs-nfs-2.7.1.jar:/vagrant/sbin/hadoop/share/hadoop/yarn/lib/activation-1.1.jar:/vagrant/sbin/hadoop/share/hadoop/yarn/lib/aopalliance-1.0.jar:/vagrant/sbin/hadoop/share/hadoop/yarn/lib/asm-3.2.jar:/vagrant/sbin/hadoop/share/hadoop/yarn/lib/commons-cli-1.2.jar:/vagrant/sbin/hadoop/share/hadoop/yarn/lib/commons-codec-1.4.jar:/vagrant/sbin/hadoop/share/hadoop/yarn/lib/commons-collections-3.2.1.jar:/vagrant/sbin/hadoop/share/hadoop/yarn/lib/commons-compress-1.4.1.jar:/vagrant/sbin/hadoop/share/hadoop/yarn/lib/commons-io-2.4.jar:/vagrant/sbin/hadoop/share/hadoop/yarn/lib/commons-lang-2.6.jar:/vagrant/sbin/hadoop/share/hadoop/yarn/lib/commons-logging-1.1.3.jar:/vagrant/sbin/hadoop/share/hadoop/yarn/lib/guava-11.0.2.jar:/vagrant/sbin/hadoop/share/hadoop/yarn/lib/guice-3.0.jar:/vagrant/sbin/hadoop/share/hadoop/yarn/lib/guice-servlet-3.0.jar:/vagrant/sbin/hadoop/share/hadoop/yarn/lib/jackson-core-asl-1.9.13.jar:/vagrant/sbin/hadoop/share/hadoop/yarn/lib/jackson-jaxrs-1.9.13.jar:/vagrant/sbin/hadoop/share/hadoop/yarn/lib/jackson-mapper-asl-1.9.13.jar:/vagrant/sbin/hadoop/share/hadoop/yarn/lib/jackson-xc-1.9.13.jar:/vagrant/sbin/hadoop/share/hadoop/yarn/lib/javax.inject-1.jar:/vagrant/sbin/hadoop/share/hadoop/yarn/lib/jaxb-api-2.2.2.jar:/vagrant/sbin/hadoop/share/hadoop/yarn/lib/jaxb-impl-2.2.3-1.jar:/vagrant/sbin/hadoop/share/hadoop/yarn/lib/jersey-client-1.9.jar:/vagrant/sbin/hadoop/share/hadoop/yarn/lib/jersey-core-1.9.jar:/vagrant/sbin/hadoop/share/hadoop/yarn/lib/jersey-guice-1.9.jar:/vagrant/sbin/hadoop/share/hadoop/yarn/lib/jersey-json-1.9.jar:/vagrant/sbin/hadoop/share/hadoop/yarn/lib/jersey-server-1.9.jar:/vagrant/sbin/hadoop/share/hadoop/yarn/lib/jettison-1.1.jar:/vagrant/sbin/hadoop/share/hadoop/yarn/lib/jetty-6.1.26.jar:/vagrant/sbin/hadoop/share/hadoop/yarn/lib/jetty-util-6.1.26.jar:/vagrant/sbin/hadoop/share/hadoop/yarn/lib/jsr305-3.0.0.jar:/vagrant/sbin/hadoop/share/hadoop/yarn/lib/leveldbjni-all-1.8.jar:/vagrant/sbin/hadoop/share/hadoop/yarn/lib/log4j-1.2.17.jar:/vagrant/sbin/hadoop/share/hadoop/yarn/lib/netty-3.6.2.Final.jar:/vagrant/sbin/hadoop/share/hadoop/yarn/lib/protobuf-java-2.5.0.jar:/vagrant/sbin/hadoop/share/hadoop/yarn/lib/servlet-api-2.5.jar:/vagrant/sbin/hadoop/share/hadoop/yarn/lib/stax-api-1.0-2.jar:/vagrant/sbin/hadoop/share/hadoop/yarn/lib/xz-1.0.jar:/vagrant/sbin/hadoop/share/hadoop/yarn/lib/zookeeper-3.4.6-tests.jar:/vagrant/sbin/hadoop/share/hadoop/yarn/lib/zookeeper-3.4.6.jar:/vagrant/sbin/hadoop/share/hadoop/yarn/hadoop-yarn-api-2.7.1.jar:/vagrant/sbin/hadoop/share/hadoop/yarn/hadoop-yarn-applications-distributedshell-2.7.1.jar:/vagrant/sbin/hadoop/share/hadoop/yarn/hadoop-yarn-applications-unmanaged-am-launcher-2.7.1.jar:/vagrant/sbin/hadoop/share/hadoop/yarn/hadoop-yarn-client-2.7.1.jar:/vagrant/sbin/hadoop/share/hadoop/yarn/hadoop-yarn-common-2.7.1.jar:/vagrant/sbin/hadoop/share/hadoop/yarn/hadoop-yarn-registry-2.7.1.jar:/vagrant/sbin/hadoop/share/hadoop/yarn/hadoop-yarn-server-applicationhistoryservice-2.7.1.jar:/vagrant/sbin/hadoop/share/hadoop/yarn/hadoop-yarn-server-common-2.7.1.jar:/vagrant/sbin/hadoop/share/hadoop/yarn/hadoop-yarn-server-nodemanager-2.7.1.jar:/vagrant/sbin/hadoop/share/hadoop/yarn/hadoop-yarn-server-resourcemanager-2.7.1.jar:/vagrant/sbin/hadoop/share/hadoop/yarn/hadoop-yarn-server-sharedcachemanager-2.7.1.jar:/vagrant/sbin/hadoop/share/hadoop/yarn/hadoop-yarn-server-tests-2.7.1.jar:/vagrant/sbin/hadoop/share/hadoop/yarn/hadoop-yarn-server-web-proxy-2.7.1.jar:/vagrant/sbin/hadoop/share/hadoop/mapreduce/lib/aopalliance-1.0.jar:/vagrant/sbin/hadoop/share/hadoop/mapreduce/lib/asm-3.2.jar:/vagrant/sbin/hadoop/share/hadoop/mapreduce/lib/avro-1.7.4.jar:/vagrant/sbin/hadoop/share/hadoop/mapreduce/lib/commons-compress-1.4.1.jar:/vagrant/sbin/hadoop/share/hadoop/mapreduce/lib/commons-io-2.4.jar:/vagrant/sbin/hadoop/share/hadoop/mapreduce/lib/guice-3.0.jar:/vagrant/sbin/hadoop/share/hadoop/mapreduce/lib/guice-servlet-3.0.jar:/vagrant/sbin/hadoop/share/hadoop/mapreduce/lib/hadoop-annotations-2.7.1.jar:/vagrant/sbin/hadoop/share/hadoop/mapreduce/lib/hamcrest-core-1.3.jar:/vagrant/sbin/hadoop/share/hadoop/mapreduce/lib/jackson-core-asl-1.9.13.jar:/vagrant/sbin/hadoop/share/hadoop/mapreduce/lib/jackson-mapper-asl-1.9.13.jar:/vagrant/sbin/hadoop/share/hadoop/mapreduce/lib/javax.inject-1.jar:/vagrant/sbin/hadoop/share/hadoop/mapreduce/lib/jersey-core-1.9.jar:/vagrant/sbin/hadoop/share/hadoop/mapreduce/lib/jersey-guice-1.9.jar:/vagrant/sbin/hadoop/share/hadoop/mapreduce/lib/jersey-server-1.9.jar:/vagrant/sbin/hadoop/share/hadoop/mapreduce/lib/junit-4.11.jar:/vagrant/sbin/hadoop/share/hadoop/mapreduce/lib/leveldbjni-all-1.8.jar:/vagrant/sbin/hadoop/share/hadoop/mapreduce/lib/log4j-1.2.17.jar:/vagrant/sbin/hadoop/share/hadoop/mapreduce/lib/netty-3.6.2.Final.jar:/vagrant/sbin/hadoop/share/hadoop/mapreduce/lib/paranamer-2.3.jar:/vagrant/sbin/hadoop/share/hadoop/mapreduce/lib/protobuf-java-2.5.0.jar:/vagrant/sbin/hadoop/share/hadoop/mapreduce/lib/snappy-java-1.0.4.1.jar:/vagrant/sbin/hadoop/share/hadoop/mapreduce/lib/xz-1.0.jar:/vagrant/sbin/hadoop/share/hadoop/mapreduce/hadoop-mapreduce-client-app-2.7.1.jar:/vagrant/sbin/hadoop/share/hadoop/mapreduce/hadoop-mapreduce-client-common-2.7.1.jar:/vagrant/sbin/hadoop/share/hadoop/mapreduce/hadoop-mapreduce-client-core-2.7.1.jar:/vagrant/sbin/hadoop/share/hadoop/mapreduce/hadoop-mapreduce-client-hs-2.7.1.jar:/vagrant/sbin/hadoop/share/hadoop/mapreduce/hadoop-mapreduce-client-hs-plugins-2.7.1.jar:/vagrant/sbin/hadoop/share/hadoop/mapreduce/hadoop-mapreduce-client-jobclient-2.7.1-tests.jar:/vagrant/sbin/hadoop/share/hadoop/mapreduce/hadoop-mapreduce-client-jobclient-2.7.1.jar:/vagrant/sbin/hadoop/share/hadoop/mapreduce/hadoop-mapreduce-client-shuffle-2.7.1.jar:/vagrant/sbin/hadoop/share/hadoop/mapreduce/hadoop-mapreduce-examples-2.7.1.jar:/contrib/capacity-scheduler/*.jar:/vagrant/sbin/hadoop/contrib/capacity-scheduler/*.jar:/vagrant/sbin/hadoop/contrib/capacity-scheduler/*.jar
STARTUP_MSG:   build = https://git-wip-us.apache.org/repos/asf/hadoop.git -r 15ecc87ccf4a0228f35af08fc56de536e6ce657a; compiled by 'jenkins' on 2015-06-29T06:04Z
STARTUP_MSG:   java = 1.8.0_45-internal
************************************************************/
2016-12-19 07:59:03,789 INFO org.apache.hadoop.hdfs.server.namenode.NameNode: registered UNIX signal handlers for [TERM, HUP, INT]
2016-12-19 07:59:03,797 INFO org.apache.hadoop.hdfs.server.namenode.NameNode: createNameNode []
2016-12-19 07:59:04,329 INFO org.apache.hadoop.metrics2.impl.MetricsConfig: loaded properties from hadoop-metrics2.properties
2016-12-19 07:59:04,441 INFO org.apache.hadoop.metrics2.impl.MetricsSystemImpl: Scheduled snapshot period at 10 second(s).
2016-12-19 07:59:04,441 INFO org.apache.hadoop.metrics2.impl.MetricsSystemImpl: NameNode metrics system started
2016-12-19 07:59:04,444 INFO org.apache.hadoop.hdfs.server.namenode.NameNode: fs.defaultFS is hdfs://localhost:9000
2016-12-19 07:59:04,445 INFO org.apache.hadoop.hdfs.server.namenode.NameNode: Clients are to use localhost:9000 to access this namenode/service.
2016-12-19 07:59:04,787 INFO org.apache.hadoop.hdfs.DFSUtil: Starting Web-server for hdfs at: http://0.0.0.0:50070
2016-12-19 07:59:04,906 INFO org.mortbay.log: Logging to org.slf4j.impl.Log4jLoggerAdapter(org.mortbay.log) via org.mortbay.log.Slf4jLog
2016-12-19 07:59:04,918 INFO org.apache.hadoop.security.authentication.server.AuthenticationFilter: Unable to initialize FileSignerSecretProvider, falling back to use random secrets.
2016-12-19 07:59:04,925 INFO org.apache.hadoop.http.HttpRequestLog: Http request log for http.requests.namenode is not defined
2016-12-19 07:59:04,935 INFO org.apache.hadoop.http.HttpServer2: Added global filter 'safety' (class=org.apache.hadoop.http.HttpServer2$QuotingInputFilter)
2016-12-19 07:59:04,938 INFO org.apache.hadoop.http.HttpServer2: Added filter static_user_filter (class=org.apache.hadoop.http.lib.StaticUserWebFilter$StaticUserFilter) to context hdfs
2016-12-19 07:59:04,938 INFO org.apache.hadoop.http.HttpServer2: Added filter static_user_filter (class=org.apache.hadoop.http.lib.StaticUserWebFilter$StaticUserFilter) to context static
2016-12-19 07:59:04,939 INFO org.apache.hadoop.http.HttpServer2: Added filter static_user_filter (class=org.apache.hadoop.http.lib.StaticUserWebFilter$StaticUserFilter) to context logs
2016-12-19 07:59:04,980 INFO org.apache.hadoop.http.HttpServer2: Added filter 'org.apache.hadoop.hdfs.web.AuthFilter' (class=org.apache.hadoop.hdfs.web.AuthFilter)
2016-12-19 07:59:04,983 INFO org.apache.hadoop.http.HttpServer2: addJerseyResourcePackage: packageName=org.apache.hadoop.hdfs.server.namenode.web.resources;org.apache.hadoop.hdfs.web.resources, pathSpec=/webhdfs/v1/*
2016-12-19 07:59:05,004 INFO org.apache.hadoop.http.HttpServer2: Jetty bound to port 50070
2016-12-19 07:59:05,004 INFO org.mortbay.log: jetty-6.1.26
2016-12-19 07:59:05,406 INFO org.mortbay.log: Started HttpServer2$SelectChannelConnectorWithSafeStartup@0.0.0.0:50070
2016-12-19 07:59:05,457 WARN org.apache.hadoop.hdfs.server.namenode.FSNamesystem: Only one image storage directory (dfs.namenode.name.dir) configured. Beware of data loss due to lack of redundant storage directories!
2016-12-19 07:59:05,458 WARN org.apache.hadoop.hdfs.server.namenode.FSNamesystem: Only one namespace edits storage directory (dfs.namenode.edits.dir) configured. Beware of data loss due to lack of redundant storage directories!
2016-12-19 07:59:05,541 INFO org.apache.hadoop.hdfs.server.namenode.FSNamesystem: No KeyProvider found.
2016-12-19 07:59:05,542 INFO org.apache.hadoop.hdfs.server.namenode.FSNamesystem: fsLock is fair:true
2016-12-19 07:59:05,616 INFO org.apache.hadoop.hdfs.server.blockmanagement.DatanodeManager: dfs.block.invalidate.limit=1000
2016-12-19 07:59:05,616 INFO org.apache.hadoop.hdfs.server.blockmanagement.DatanodeManager: dfs.namenode.datanode.registration.ip-hostname-check=true
2016-12-19 07:59:05,618 INFO org.apache.hadoop.hdfs.server.blockmanagement.BlockManager: dfs.namenode.startup.delay.block.deletion.sec is set to 000:00:00:00.000
2016-12-19 07:59:05,622 INFO org.apache.hadoop.hdfs.server.blockmanagement.BlockManager: The block deletion will start around 2016 Dec 19 07:59:05
2016-12-19 07:59:05,628 INFO org.apache.hadoop.util.GSet: Computing capacity for map BlocksMap
2016-12-19 07:59:05,628 INFO org.apache.hadoop.util.GSet: VM type       = 64-bit
2016-12-19 07:59:05,630 INFO org.apache.hadoop.util.GSet: 2.0% max memory 889 MB = 17.8 MB
2016-12-19 07:59:05,630 INFO org.apache.hadoop.util.GSet: capacity      = 2^21 = 2097152 entries
2016-12-19 07:59:05,647 INFO org.apache.hadoop.hdfs.server.blockmanagement.BlockManager: dfs.block.access.token.enable=false
2016-12-19 07:59:05,647 INFO org.apache.hadoop.hdfs.server.blockmanagement.BlockManager: defaultReplication         = 1
2016-12-19 07:59:05,647 INFO org.apache.hadoop.hdfs.server.blockmanagement.BlockManager: maxReplication             = 512
2016-12-19 07:59:05,647 INFO org.apache.hadoop.hdfs.server.blockmanagement.BlockManager: minReplication             = 1
2016-12-19 07:59:05,647 INFO org.apache.hadoop.hdfs.server.blockmanagement.BlockManager: maxReplicationStreams      = 2
2016-12-19 07:59:05,647 INFO org.apache.hadoop.hdfs.server.blockmanagement.BlockManager: shouldCheckForEnoughRacks  = false
2016-12-19 07:59:05,647 INFO org.apache.hadoop.hdfs.server.blockmanagement.BlockManager: replicationRecheckInterval = 3000
2016-12-19 07:59:05,648 INFO org.apache.hadoop.hdfs.server.blockmanagement.BlockManager: encryptDataTransfer        = false
2016-12-19 07:59:05,648 INFO org.apache.hadoop.hdfs.server.blockmanagement.BlockManager: maxNumBlocksToLog          = 1000
2016-12-19 07:59:05,658 INFO org.apache.hadoop.hdfs.server.namenode.FSNamesystem: fsOwner             = vagrant (auth:SIMPLE)
2016-12-19 07:59:05,658 INFO org.apache.hadoop.hdfs.server.namenode.FSNamesystem: supergroup          = supergroup
2016-12-19 07:59:05,659 INFO org.apache.hadoop.hdfs.server.namenode.FSNamesystem: isPermissionEnabled = true
2016-12-19 07:59:05,659 INFO org.apache.hadoop.hdfs.server.namenode.FSNamesystem: HA Enabled: false
2016-12-19 07:59:05,662 INFO org.apache.hadoop.hdfs.server.namenode.FSNamesystem: Append Enabled: true
2016-12-19 07:59:05,752 INFO org.apache.hadoop.util.GSet: Computing capacity for map INodeMap
2016-12-19 07:59:05,752 INFO org.apache.hadoop.util.GSet: VM type       = 64-bit
2016-12-19 07:59:05,752 INFO org.apache.hadoop.util.GSet: 1.0% max memory 889 MB = 8.9 MB
2016-12-19 07:59:05,752 INFO org.apache.hadoop.util.GSet: capacity      = 2^20 = 1048576 entries
2016-12-19 07:59:05,753 INFO org.apache.hadoop.hdfs.server.namenode.FSDirectory: ACLs enabled? false
2016-12-19 07:59:05,753 INFO org.apache.hadoop.hdfs.server.namenode.FSDirectory: XAttrs enabled? true
2016-12-19 07:59:05,753 INFO org.apache.hadoop.hdfs.server.namenode.FSDirectory: Maximum size of an xattr: 16384
2016-12-19 07:59:05,753 INFO org.apache.hadoop.hdfs.server.namenode.NameNode: Caching file names occuring more than 10 times
2016-12-19 07:59:05,764 INFO org.apache.hadoop.util.GSet: Computing capacity for map cachedBlocks
2016-12-19 07:59:05,765 INFO org.apache.hadoop.util.GSet: VM type       = 64-bit
2016-12-19 07:59:05,765 INFO org.apache.hadoop.util.GSet: 0.25% max memory 889 MB = 2.2 MB
2016-12-19 07:59:05,765 INFO org.apache.hadoop.util.GSet: capacity      = 2^18 = 262144 entries
2016-12-19 07:59:05,768 INFO org.apache.hadoop.hdfs.server.namenode.FSNamesystem: dfs.namenode.safemode.threshold-pct = 0.9990000128746033
2016-12-19 07:59:05,768 INFO org.apache.hadoop.hdfs.server.namenode.FSNamesystem: dfs.namenode.safemode.min.datanodes = 0
2016-12-19 07:59:05,768 INFO org.apache.hadoop.hdfs.server.namenode.FSNamesystem: dfs.namenode.safemode.extension     = 30000
2016-12-19 07:59:05,775 INFO org.apache.hadoop.hdfs.server.namenode.top.metrics.TopMetrics: NNTop conf: dfs.namenode.top.window.num.buckets = 10
2016-12-19 07:59:05,775 INFO org.apache.hadoop.hdfs.server.namenode.top.metrics.TopMetrics: NNTop conf: dfs.namenode.top.num.users = 10
2016-12-19 07:59:05,775 INFO org.apache.hadoop.hdfs.server.namenode.top.metrics.TopMetrics: NNTop conf: dfs.namenode.top.windows.minutes = 1,5,25
2016-12-19 07:59:05,777 INFO org.apache.hadoop.hdfs.server.namenode.FSNamesystem: Retry cache on namenode is enabled
2016-12-19 07:59:05,777 INFO org.apache.hadoop.hdfs.server.namenode.FSNamesystem: Retry cache will use 0.03 of total heap and retry cache entry expiry time is 600000 millis
2016-12-19 07:59:05,781 INFO org.apache.hadoop.util.GSet: Computing capacity for map NameNodeRetryCache
2016-12-19 07:59:05,781 INFO org.apache.hadoop.util.GSet: VM type       = 64-bit
2016-12-19 07:59:05,782 INFO org.apache.hadoop.util.GSet: 0.029999999329447746% max memory 889 MB = 273.1 KB
2016-12-19 07:59:05,782 INFO org.apache.hadoop.util.GSet: capacity      = 2^15 = 32768 entries
2016-12-19 07:59:05,799 INFO org.apache.hadoop.hdfs.server.common.Storage: Lock on /vagrant/sbin/hadoop/tmp/namenode/in_use.lock acquired by nodename 7868@vagrant-ubuntu-trusty.vagrantup.com
2016-12-19 07:59:05,900 INFO org.apache.hadoop.hdfs.server.namenode.FileJournalManager: Recovering unfinalized segments in /vagrant/sbin/hadoop/tmp/namenode/current
2016-12-19 07:59:05,902 INFO org.apache.hadoop.hdfs.server.namenode.FSImage: No edit log streams selected.
2016-12-19 07:59:05,993 INFO org.apache.hadoop.hdfs.server.namenode.FSImageFormatPBINode: Loading 1 INodes.
2016-12-19 07:59:06,059 INFO org.apache.hadoop.hdfs.server.namenode.FSImageFormatProtobuf: Loaded FSImage in 0 seconds.
2016-12-19 07:59:06,060 INFO org.apache.hadoop.hdfs.server.namenode.FSImage: Loaded image for txid 0 from /vagrant/sbin/hadoop/tmp/namenode/current/fsimage_0000000000000000000
2016-12-19 07:59:06,077 INFO org.apache.hadoop.hdfs.server.namenode.FSNamesystem: Need to save fs image? false (staleImage=false, haEnabled=false, isRollingUpgrade=false)
2016-12-19 07:59:06,078 INFO org.apache.hadoop.hdfs.server.namenode.FSEditLog: Starting log segment at 1
2016-12-19 07:59:06,182 INFO org.apache.hadoop.hdfs.server.namenode.NameCache: initialized with 0 entries 0 lookups
2016-12-19 07:59:06,182 INFO org.apache.hadoop.hdfs.server.namenode.FSNamesystem: Finished loading FSImage in 397 msecs
2016-12-19 07:59:06,624 INFO org.apache.hadoop.hdfs.server.namenode.NameNode: RPC server is binding to localhost:9000
2016-12-19 07:59:06,635 INFO org.apache.hadoop.ipc.CallQueueManager: Using callQueue class java.util.concurrent.LinkedBlockingQueue
2016-12-19 07:59:06,651 INFO org.apache.hadoop.ipc.Server: Starting Socket Reader #1 for port 9000
2016-12-19 07:59:06,688 INFO org.apache.hadoop.hdfs.server.namenode.FSNamesystem: Registered FSNamesystemState MBean
2016-12-19 07:59:06,720 INFO org.apache.hadoop.hdfs.server.namenode.LeaseManager: Number of blocks under construction: 0
2016-12-19 07:59:06,720 INFO org.apache.hadoop.hdfs.server.namenode.LeaseManager: Number of blocks under construction: 0
2016-12-19 07:59:06,720 INFO org.apache.hadoop.hdfs.server.namenode.FSNamesystem: initializing replication queues
2016-12-19 07:59:06,721 INFO org.apache.hadoop.hdfs.StateChange: STATE* Leaving safe mode after 1 secs
2016-12-19 07:59:06,721 INFO org.apache.hadoop.hdfs.StateChange: STATE* Network topology has 0 racks and 0 datanodes
2016-12-19 07:59:06,721 INFO org.apache.hadoop.hdfs.StateChange: STATE* UnderReplicatedBlocks has 0 blocks
2016-12-19 07:59:06,737 INFO org.apache.hadoop.hdfs.server.blockmanagement.DatanodeDescriptor: Number of failed storage changes from 0 to 0
2016-12-19 07:59:06,738 INFO org.apache.hadoop.hdfs.server.blockmanagement.BlockManager: Total number of blocks            = 0
2016-12-19 07:59:06,738 INFO org.apache.hadoop.hdfs.server.blockmanagement.BlockManager: Number of invalid blocks          = 0
2016-12-19 07:59:06,738 INFO org.apache.hadoop.hdfs.server.blockmanagement.BlockManager: Number of under-replicated blocks = 0
2016-12-19 07:59:06,738 INFO org.apache.hadoop.hdfs.server.blockmanagement.BlockManager: Number of  over-replicated blocks = 0
2016-12-19 07:59:06,739 INFO org.apache.hadoop.hdfs.server.blockmanagement.BlockManager: Number of blocks being written    = 0
2016-12-19 07:59:06,739 INFO org.apache.hadoop.hdfs.StateChange: STATE* Replication Queue initialization scan for invalid, over- and under-replicated blocks completed in 18 msec
2016-12-19 07:59:06,815 INFO org.apache.hadoop.ipc.Server: IPC Server Responder: starting
2016-12-19 07:59:06,815 INFO org.apache.hadoop.ipc.Server: IPC Server listener on 9000: starting
2016-12-19 07:59:06,820 INFO org.apache.hadoop.hdfs.server.namenode.NameNode: NameNode RPC up at: localhost/127.0.0.1:9000
2016-12-19 07:59:06,820 INFO org.apache.hadoop.hdfs.server.namenode.FSNamesystem: Starting services required for active state
2016-12-19 07:59:06,832 INFO org.apache.hadoop.hdfs.server.blockmanagement.CacheReplicationMonitor: Starting CacheReplicationMonitor with interval 30000 milliseconds
2016-12-19 07:59:15,615 INFO org.apache.hadoop.hdfs.StateChange: BLOCK* registerDatanode: from DatanodeRegistration(127.0.0.1:50010, datanodeUuid=561cd598-e10d-4204-a3fe-dd4d6390a418, infoPort=50075, infoSecurePort=0, ipcPort=50020, storageInfo=lv=-56;cid=CID-640fd67a-d53b-4cbc-945b-a4a6212116fa;nsid=979556520;c=0) storage 561cd598-e10d-4204-a3fe-dd4d6390a418
2016-12-19 07:59:15,615 INFO org.apache.hadoop.hdfs.server.blockmanagement.DatanodeDescriptor: Number of failed storage changes from 0 to 0
2016-12-19 07:59:15,617 INFO org.apache.hadoop.net.NetworkTopology: Adding a new node: /default-rack/127.0.0.1:50010
2016-12-19 07:59:15,843 INFO org.apache.hadoop.hdfs.server.blockmanagement.DatanodeDescriptor: Number of failed storage changes from 0 to 0
2016-12-19 07:59:15,844 INFO org.apache.hadoop.hdfs.server.blockmanagement.DatanodeDescriptor: Adding new storage ID DS-fcb7cf1f-c834-4dcd-8d47-4765d9998946 for DN 127.0.0.1:50010
2016-12-19 07:59:15,981 INFO BlockStateChange: BLOCK* processReport: from storage DS-fcb7cf1f-c834-4dcd-8d47-4765d9998946 node DatanodeRegistration(127.0.0.1:50010, datanodeUuid=561cd598-e10d-4204-a3fe-dd4d6390a418, infoPort=50075, infoSecurePort=0, ipcPort=50020, storageInfo=lv=-56;cid=CID-640fd67a-d53b-4cbc-945b-a4a6212116fa;nsid=979556520;c=0), blocks: 0, hasStaleStorage: false, processing time: 3 msecs
2016-12-19 08:00:23,687 INFO org.apache.hadoop.hdfs.server.namenode.FSNamesystem: Roll Edit Log from 127.0.0.1
2016-12-19 08:00:23,687 INFO org.apache.hadoop.hdfs.server.namenode.FSEditLog: Rolling edit logs
2016-12-19 08:00:23,687 INFO org.apache.hadoop.hdfs.server.namenode.FSEditLog: Ending log segment 1
2016-12-19 08:00:23,688 INFO org.apache.hadoop.hdfs.server.namenode.FSEditLog: Number of transactions: 2 Total time for transactions(ms): 1 Number of transactions batched in Syncs: 0 Number of syncs: 2 SyncTimes(ms): 6 
2016-12-19 08:00:23,688 INFO org.apache.hadoop.hdfs.server.namenode.FSEditLog: Number of transactions: 2 Total time for transactions(ms): 1 Number of transactions batched in Syncs: 0 Number of syncs: 3 SyncTimes(ms): 6 
2016-12-19 08:00:23,691 INFO org.apache.hadoop.hdfs.server.namenode.FileJournalManager: Finalizing edits file /vagrant/sbin/hadoop/tmp/namenode/current/edits_inprogress_0000000000000000001 -> /vagrant/sbin/hadoop/tmp/namenode/current/edits_0000000000000000001-0000000000000000002
2016-12-19 08:00:23,698 INFO org.apache.hadoop.hdfs.server.namenode.FSEditLog: Starting log segment at 3
2016-12-19 08:00:24,831 INFO org.apache.hadoop.hdfs.server.namenode.TransferFsImage: Transfer took 0.00s at 0.00 KB/s
2016-12-19 08:00:24,831 INFO org.apache.hadoop.hdfs.server.namenode.TransferFsImage: Downloaded file fsimage.ckpt_0000000000000000002 size 354 bytes.
2016-12-19 08:00:24,844 INFO org.apache.hadoop.hdfs.server.namenode.NNStorageRetentionManager: Going to retain 2 images with txid >= 0
